<?xml version="1.0" encoding="UTF-8"?>
<testsuites name="FCSCMS-728 (Product Catalog Management - Search Products)" time="113.541" tests="16" failures="0" errors="0">
   <testsuite name="FCSCMS-728 (Product Catalog Management - Search Products)" tests="16" failures="0" errors="0" time="113.541" skipped="0" timestamp="2022-03-30 17:51:10" hostname="me - DESKTOP-S7SF50D" id="Test Suites/Sprint 7/FCSCMS-728 (Product Catalog Management - Search Products)">
      <properties>
         <property name="deviceName" value=""/>
         <property name="devicePlatform" value=""/>
         <property name="logFolder" value="C:\\Users\\me\\git\\nexterous-automation\\Reports\\20220330_175053\\Sprint 7\\FCSCMS-728 (Product Catalog Management - Search Products)\\20220330_175054"/>
         <property name="logFiles" value="C:\\Users\\me\\git\\nexterous-automation\\Reports\\20220330_175053\\Sprint 7\\FCSCMS-728 (Product Catalog Management - Search Products)\\20220330_175054\\execution0.log"/>
         <property name="attachments" value=""/>
         <property name="hostName" value="me - DESKTOP-S7SF50D"/>
         <property name="os" value="Windows 10 64bit"/>
         <property name="katalonVersion" value="8.2.5.208"/>
         <property name="browser" value="Chrome 99.0.4844.84"/>
         <property name="hostAddress" value="192.168.100.8"/>
         <property name="sessionId" value="7d9b47d9b627346cfa7f4fcb52298e22"/>
         <property name="seleniumVersion" value="3.141.59"/>
         <property name="proxyInformation" value="ProxyInformation { proxyOption=NO_PROXY, proxyServerType=HTTP, username=, password=********, proxyServerAddress=, proxyServerPort=0, executionList=&quot;&quot;, isApplyToDesiredCapabilities=true }"/>
         <property name="platform" value="Windows 10"/>
      </properties>
      <testcase name="Test Cases/Sprint 7/FCSCMS- 728/FCSCMS-1828-S7 (User should be able to Log in using Admin-Valid credentials)" time="16.026" classname="Test Cases/Sprint 7/FCSCMS- 728/FCSCMS-1828-S7 (User should be able to Log in using Admin-Valid credentials)" status="PASSED">
         <system-out><![CDATA[2022-03-30 17:51:10 - [TEST_CASE][PASSED] - Test Cases/Sprint 7/FCSCMS- 728/FCSCMS-1828-S7 (User should be able to Log in using Admin-Valid credentials): Test Cases/Sprint 7/FCSCMS- 728/FCSCMS-1828-S7 (User should be able to Log in using Admin-Valid credentials)

2022-03-30 17:51:11 - [TEST_STEP][PASSED] - openBrowser(""): Browser is opened with url: ''

2022-03-30 17:51:12 - [MESSAGE][INFO] - Starting 'Chrome' driver

2022-03-30 17:51:12 - [MESSAGE][INFO] - Action delay is set to 0 milliseconds

2022-03-30 17:51:16 - [MESSAGE][PASSED] - Browser is opened with url: ''

2022-03-30 17:51:16 - [TEST_STEP][PASSED] - navigateToUrl("https://nexterus-tst.outsystemsenterprise.com/FusionCenter/Login"): Navigate to 'https://nexterus-tst.outsystemsenterprise.com/FusionCenter/Login' successfully

2022-03-30 17:51:18 - [MESSAGE][PASSED] - Navigate to 'https://nexterus-tst.outsystemsenterprise.com/FusionCenter/Login' successfully

2022-03-30 17:51:18 - [TEST_STEP][PASSED] - maximizeWindow(): Current window maximized

2022-03-30 17:51:19 - [MESSAGE][PASSED] - Current window maximized

2022-03-30 17:51:19 - [TEST_STEP][PASSED] - delay(3): Delayed 3 second(s)

2022-03-30 17:51:22 - [MESSAGE][PASSED] - Delayed 3 second(s)

2022-03-30 17:51:22 - [TEST_STEP][PASSED] - setText(findTestObject("Login/Username_Field"), "admin"): Text 'admin' is set on object 'Object Repository/Login/Username_Field'

2022-03-30 17:51:23 - [MESSAGE][PASSED] - Text 'admin' is set on object 'Object Repository/Login/Username_Field'

2022-03-30 17:51:23 - [TEST_STEP][PASSED] - delay(1): Delayed 1 second(s)

2022-03-30 17:51:24 - [MESSAGE][PASSED] - Delayed 1 second(s)

2022-03-30 17:51:24 - [TEST_STEP][PASSED] - setText(findTestObject("Login/Password_Field"), "admin"): Text 'admin' is set on object 'Object Repository/Login/Password_Field'

2022-03-30 17:51:25 - [MESSAGE][PASSED] - Text 'admin' is set on object 'Object Repository/Login/Password_Field'

2022-03-30 17:51:25 - [TEST_STEP][PASSED] - delay(1): Delayed 1 second(s)

2022-03-30 17:51:26 - [MESSAGE][PASSED] - Delayed 1 second(s)

2022-03-30 17:51:26 - [TEST_STEP][PASSED] - click(findTestObject("Login/BTN_Login")): Object: 'Object Repository/Login/BTN_Login' is clicked on

2022-03-30 17:51:26 - [MESSAGE][PASSED] - Object: 'Object Repository/Login/BTN_Login' is clicked on]]></system-out>
         <system-err><![CDATA[]]></system-err>
      </testcase>
      <testcase name="Test Cases/Sprint 7/FCSCMS- 728/FCSCMS-1829-S7 (Click Product Catalog)" time="37.925" classname="Test Cases/Sprint 7/FCSCMS- 728/FCSCMS-1829-S7 (Click Product Catalog)" status="PASSED">
         <system-out><![CDATA[2022-03-30 17:51:26 - [TEST_CASE][PASSED] - Test Cases/Sprint 7/FCSCMS- 728/FCSCMS-1829-S7 (Click Product Catalog): Test Cases/Sprint 7/FCSCMS- 728/FCSCMS-1829-S7 (Click Product Catalog)

2022-03-30 17:51:27 - [TEST_STEP][PASSED] - click(findTestObject("Admin/Sprint 7/FCSCMS-729/a_Product Catalog")): Object: 'Object Repository/Admin/Sprint 7/FCSCMS-729/a_Product Catalog' is clicked on

2022-03-30 17:52:02 - [MESSAGE][PASSED] - Object: 'Object Repository/Admin/Sprint 7/FCSCMS-729/a_Product Catalog' is clicked on

2022-03-30 17:52:02 - [TEST_STEP][PASSED] - delay(2): Delayed 2 second(s)

2022-03-30 17:52:04 - [MESSAGE][PASSED] - Delayed 2 second(s)]]></system-out>
         <system-err><![CDATA[]]></system-err>
      </testcase>
      <testcase name="Test Cases/Sprint 7/FCSCMS- 728/FCSCMS-1830-S7 (User should be able to fill search bar)" time="6.046" classname="Test Cases/Sprint 7/FCSCMS- 728/FCSCMS-1830-S7 (User should be able to fill search bar)" status="PASSED">
         <system-out><![CDATA[2022-03-30 17:52:04 - [TEST_CASE][PASSED] - Test Cases/Sprint 7/FCSCMS- 728/FCSCMS-1830-S7 (User should be able to fill search bar): Test Cases/Sprint 7/FCSCMS- 728/FCSCMS-1830-S7 (User should be able to fill search bar)

2022-03-30 17:52:05 - [TEST_STEP][PASSED] - setText(findTestObject("Admin/Sprint 7/FCSCMS-728/Advanced Search/SearchBar_ProductCatalog"), "Automation Test Product"): Text 'Automation Test Product' is set on object 'Object Repository/Admin/Sprint 7/FCSCMS-728/Advanced Search/SearchBar_ProductCatalog'

2022-03-30 17:52:08 - [MESSAGE][PASSED] - Text 'Automation Test Product' is set on object 'Object Repository/Admin/Sprint 7/FCSCMS-728/Advanced Search/SearchBar_ProductCatalog'

2022-03-30 17:52:08 - [TEST_STEP][PASSED] - delay(2): Delayed 2 second(s)

2022-03-30 17:52:10 - [MESSAGE][PASSED] - Delayed 2 second(s)]]></system-out>
         <system-err><![CDATA[]]></system-err>
      </testcase>
      <testcase name="Test Cases/Sprint 7/FCSCMS- 728/FCSCMS-1831-S7 (User should be able to Search product on the Search button)" time="2.878" classname="Test Cases/Sprint 7/FCSCMS- 728/FCSCMS-1831-S7 (User should be able to Search product on the Search button)" status="PASSED">
         <system-out><![CDATA[2022-03-30 17:52:10 - [TEST_CASE][PASSED] - Test Cases/Sprint 7/FCSCMS- 728/FCSCMS-1831-S7 (User should be able to Search product on the Search button): Test Cases/Sprint 7/FCSCMS- 728/FCSCMS-1831-S7 (User should be able to Search product on the Search button)

2022-03-30 17:52:11 - [TEST_STEP][PASSED] - click(findTestObject("Admin/Sprint 7/FCSCMS-728/Advanced Search/Search Button")): Object: 'Object Repository/Admin/Sprint 7/FCSCMS-728/Advanced Search/Search Button' is clicked on

2022-03-30 17:52:11 - [MESSAGE][PASSED] - Object: 'Object Repository/Admin/Sprint 7/FCSCMS-728/Advanced Search/Search Button' is clicked on

2022-03-30 17:52:11 - [TEST_STEP][PASSED] - delay(2): Delayed 2 second(s)

2022-03-30 17:52:13 - [MESSAGE][PASSED] - Delayed 2 second(s)]]></system-out>
         <system-err><![CDATA[]]></system-err>
      </testcase>
      <testcase name="Test Cases/Sprint 7/FCSCMS- 728/FCSCMS-1832-S7 (User should be able to Search product using Enter button)" time="6.143" classname="Test Cases/Sprint 7/FCSCMS- 728/FCSCMS-1832-S7 (User should be able to Search product using Enter button)" status="PASSED">
         <system-out><![CDATA[2022-03-30 17:52:13 - [TEST_CASE][PASSED] - Test Cases/Sprint 7/FCSCMS- 728/FCSCMS-1832-S7 (User should be able to Search product using Enter button): Test Cases/Sprint 7/FCSCMS- 728/FCSCMS-1832-S7 (User should be able to Search product using Enter button)

2022-03-30 17:52:14 - [TEST_STEP][PASSED] - clearText(findTestObject("Admin/Sprint 7/FCSCMS-728/Advanced Search/SearchBar_ProductCatalog")): Text of object 'Object Repository/Admin/Sprint 7/FCSCMS-728/Advanced Search/SearchBar_ProductCatalog' is cleared

2022-03-30 17:52:14 - [MESSAGE][PASSED] - Text of object 'Object Repository/Admin/Sprint 7/FCSCMS-728/Advanced Search/SearchBar_ProductCatalog' is cleared

2022-03-30 17:52:14 - [TEST_STEP][PASSED] - delay(1): Delayed 1 second(s)

2022-03-30 17:52:15 - [MESSAGE][PASSED] - Delayed 1 second(s)

2022-03-30 17:52:15 - [TEST_STEP][PASSED] - setText(findTestObject("Admin/Sprint 7/FCSCMS-728/Advanced Search/SearchBar_ProductCatalog"), "Automation Test Product"): Text 'Automation Test Product' is set on object 'Object Repository/Admin/Sprint 7/FCSCMS-728/Advanced Search/SearchBar_ProductCatalog'

2022-03-30 17:52:16 - [MESSAGE][PASSED] - Text 'Automation Test Product' is set on object 'Object Repository/Admin/Sprint 7/FCSCMS-728/Advanced Search/SearchBar_ProductCatalog'

2022-03-30 17:52:16 - [TEST_STEP][PASSED] - delay(1): Delayed 1 second(s)

2022-03-30 17:52:17 - [MESSAGE][PASSED] - Delayed 1 second(s)

2022-03-30 17:52:17 - [TEST_STEP][PASSED] - sendKeys(findTestObject("Admin/Sprint 7/FCSCMS-728/Advanced Search/SearchBar_ProductCatalog"), Keys.chord(ENTER)): Keys 'ENTER + ' sent to object: 'Object Repository/Admin/Sprint 7/FCSCMS-728/Advanced Search/SearchBar_ProductCatalog'

2022-03-30 17:52:17 - [MESSAGE][PASSED] - Keys 'ENTER + ' sent to object: 'Object Repository/Admin/Sprint 7/FCSCMS-728/Advanced Search/SearchBar_ProductCatalog'

2022-03-30 17:52:17 - [TEST_STEP][PASSED] - delay(2): Delayed 2 second(s)

2022-03-30 17:52:19 - [MESSAGE][PASSED] - Delayed 2 second(s)]]></system-out>
         <system-err><![CDATA[]]></system-err>
      </testcase>
      <testcase name="Test Cases/Sprint 7/FCSCMS- 728/FCSCMS-1833-S7 (User is able to click Advance search button)" time="2.988" classname="Test Cases/Sprint 7/FCSCMS- 728/FCSCMS-1833-S7 (User is able to click Advance search button)" status="PASSED">
         <system-out><![CDATA[2022-03-30 17:52:19 - [TEST_CASE][PASSED] - Test Cases/Sprint 7/FCSCMS- 728/FCSCMS-1833-S7 (User is able to click Advance search button): Test Cases/Sprint 7/FCSCMS- 728/FCSCMS-1833-S7 (User is able to click Advance search button)

2022-03-30 17:52:20 - [TEST_STEP][PASSED] - click(findTestObject("Admin/Sprint 7/FCSCMS-728(NEW)/Advance Search/button_Advanced Search")): Object: 'Object Repository/Admin/Sprint 7/FCSCMS-728(NEW)/Advance Search/button_Advanced Search' is clicked on

2022-03-30 17:52:20 - [MESSAGE][PASSED] - Object: 'Object Repository/Admin/Sprint 7/FCSCMS-728(NEW)/Advance Search/button_Advanced Search' is clicked on

2022-03-30 17:52:20 - [TEST_STEP][PASSED] - delay(2): Delayed 2 second(s)

2022-03-30 17:52:22 - [MESSAGE][PASSED] - Delayed 2 second(s)]]></system-out>
         <system-err><![CDATA[]]></system-err>
      </testcase>
      <testcase name="Test Cases/Sprint 7/FCSCMS- 728/FCSCMS-1834-S7 (Select Product Code)" time="3.573" classname="Test Cases/Sprint 7/FCSCMS- 728/FCSCMS-1834-S7 (Select Product Code)" status="PASSED">
         <system-out><![CDATA[2022-03-30 17:52:22 - [TEST_CASE][PASSED] - Test Cases/Sprint 7/FCSCMS- 728/FCSCMS-1834-S7 (Select Product Code): Test Cases/Sprint 7/FCSCMS- 728/FCSCMS-1834-S7 (Select Product Code)

2022-03-30 17:52:23 - [TEST_STEP][PASSED] - click(findTestObject("Admin/Sprint 7/FCSCMS-728(NEW)/Advance Search/Product Code")): Object: 'Object Repository/Admin/Sprint 7/FCSCMS-728(NEW)/Advance Search/Product Code' is clicked on

2022-03-30 17:52:23 - [MESSAGE][PASSED] - Object: 'Object Repository/Admin/Sprint 7/FCSCMS-728(NEW)/Advance Search/Product Code' is clicked on

2022-03-30 17:52:23 - [TEST_STEP][PASSED] - delay(2): Delayed 2 second(s)

2022-03-30 17:52:25 - [MESSAGE][PASSED] - Delayed 2 second(s)

2022-03-30 17:52:25 - [TEST_STEP][PASSED] - click(findTestObject("Admin/Sprint 7/FCSCMS-728(NEW)/Advance Search/ProductCode/div_123456")): Object: 'Object Repository/Admin/Sprint 7/FCSCMS-728(NEW)/Advance Search/ProductCode/div_123456' is clicked on

2022-03-30 17:52:26 - [MESSAGE][PASSED] - Object: 'Object Repository/Admin/Sprint 7/FCSCMS-728(NEW)/Advance Search/ProductCode/div_123456' is clicked on]]></system-out>
         <system-err><![CDATA[]]></system-err>
      </testcase>
      <testcase name="Test Cases/Sprint 7/FCSCMS- 728/FCSCMS-1835-S7 (Select Class)" time="5.76" classname="Test Cases/Sprint 7/FCSCMS- 728/FCSCMS-1835-S7 (Select Class)" status="PASSED">
         <system-out><![CDATA[2022-03-30 17:52:26 - [TEST_CASE][PASSED] - Test Cases/Sprint 7/FCSCMS- 728/FCSCMS-1835-S7 (Select Class): Test Cases/Sprint 7/FCSCMS- 728/FCSCMS-1835-S7 (Select Class)

2022-03-30 17:52:27 - [TEST_STEP][PASSED] - click(findTestObject("Admin/Sprint 7/FCSCMS-728(NEW)/Advance Search/Class")): Object: 'Object Repository/Admin/Sprint 7/FCSCMS-728(NEW)/Advance Search/Class' is clicked on

2022-03-30 17:52:27 - [MESSAGE][PASSED] - Object: 'Object Repository/Admin/Sprint 7/FCSCMS-728(NEW)/Advance Search/Class' is clicked on

2022-03-30 17:52:27 - [TEST_STEP][PASSED] - delay(2): Delayed 2 second(s)

2022-03-30 17:52:29 - [MESSAGE][PASSED] - Delayed 2 second(s)

2022-03-30 17:52:29 - [TEST_STEP][PASSED] - click(findTestObject("Admin/Sprint 7/FCSCMS-728(NEW)/Advance Search/Class 1/div_AT Test Class")): Object: 'Object Repository/Admin/Sprint 7/FCSCMS-728(NEW)/Advance Search/Class 1/div_AT Test Class' is clicked on

2022-03-30 17:52:30 - [MESSAGE][PASSED] - Object: 'Object Repository/Admin/Sprint 7/FCSCMS-728(NEW)/Advance Search/Class 1/div_AT Test Class' is clicked on

2022-03-30 17:52:30 - [TEST_STEP][PASSED] - delay(2): Delayed 2 second(s)

2022-03-30 17:52:32 - [MESSAGE][PASSED] - Delayed 2 second(s)]]></system-out>
         <system-err><![CDATA[]]></system-err>
      </testcase>
      <testcase name="Test Cases/Sprint 7/FCSCMS- 728/FCSCMS-1836-S7 (Select NMFC)" time="5.427" classname="Test Cases/Sprint 7/FCSCMS- 728/FCSCMS-1836-S7 (Select NMFC)" status="PASSED">
         <system-out><![CDATA[2022-03-30 17:52:32 - [TEST_CASE][PASSED] - Test Cases/Sprint 7/FCSCMS- 728/FCSCMS-1836-S7 (Select NMFC): Test Cases/Sprint 7/FCSCMS- 728/FCSCMS-1836-S7 (Select NMFC)

2022-03-30 17:52:32 - [TEST_STEP][PASSED] - click(findTestObject("Admin/Sprint 7/FCSCMS-728(NEW)/Advance Search/NMFC")): Object: 'Object Repository/Admin/Sprint 7/FCSCMS-728(NEW)/Advance Search/NMFC' is clicked on

2022-03-30 17:52:33 - [MESSAGE][PASSED] - Object: 'Object Repository/Admin/Sprint 7/FCSCMS-728(NEW)/Advance Search/NMFC' is clicked on

2022-03-30 17:52:33 - [TEST_STEP][PASSED] - delay(2): Delayed 2 second(s)

2022-03-30 17:52:35 - [MESSAGE][PASSED] - Delayed 2 second(s)

2022-03-30 17:52:35 - [TEST_STEP][PASSED] - click(findTestObject("Admin/Sprint 7/FCSCMS-728(NEW)/Advance Search/NMFC 1/div_1122")): Object: 'Object Repository/Admin/Sprint 7/FCSCMS-728(NEW)/Advance Search/NMFC 1/div_1122' is clicked on

2022-03-30 17:52:35 - [MESSAGE][PASSED] - Object: 'Object Repository/Admin/Sprint 7/FCSCMS-728(NEW)/Advance Search/NMFC 1/div_1122' is clicked on

2022-03-30 17:52:35 - [TEST_STEP][PASSED] - delay(2): Delayed 2 second(s)

2022-03-30 17:52:37 - [MESSAGE][PASSED] - Delayed 2 second(s)]]></system-out>
         <system-err><![CDATA[]]></system-err>
      </testcase>
      <testcase name="Test Cases/Sprint 7/FCSCMS- 728/FCSCMS-1837-S7 (Product Description)" time="5.397" classname="Test Cases/Sprint 7/FCSCMS- 728/FCSCMS-1837-S7 (Product Description)" status="PASSED">
         <system-out><![CDATA[2022-03-30 17:52:37 - [TEST_CASE][PASSED] - Test Cases/Sprint 7/FCSCMS- 728/FCSCMS-1837-S7 (Product Description): Test Cases/Sprint 7/FCSCMS- 728/FCSCMS-1837-S7 (Product Description)

2022-03-30 17:52:38 - [TEST_STEP][PASSED] - click(findTestObject("Admin/Sprint 7/FCSCMS-728(NEW)/Advance Search/ProductDescription")): Object: 'Object Repository/Admin/Sprint 7/FCSCMS-728(NEW)/Advance Search/ProductDescription' is clicked on

2022-03-30 17:52:38 - [MESSAGE][PASSED] - Object: 'Object Repository/Admin/Sprint 7/FCSCMS-728(NEW)/Advance Search/ProductDescription' is clicked on

2022-03-30 17:52:38 - [TEST_STEP][PASSED] - delay(2): Delayed 2 second(s)

2022-03-30 17:52:40 - [MESSAGE][PASSED] - Delayed 2 second(s)

2022-03-30 17:52:40 - [TEST_STEP][PASSED] - click(findTestObject("Admin/Sprint 7/FCSCMS-728(NEW)/Advance Search/Automation Test Product2")): Object: 'Object Repository/Admin/Sprint 7/FCSCMS-728(NEW)/Advance Search/Automation Test Product2' is clicked on

2022-03-30 17:52:41 - [MESSAGE][PASSED] - Object: 'Object Repository/Admin/Sprint 7/FCSCMS-728(NEW)/Advance Search/Automation Test Product2' is clicked on

2022-03-30 17:52:41 - [TEST_STEP][PASSED] - delay(2): Delayed 2 second(s)

2022-03-30 17:52:43 - [MESSAGE][PASSED] - Delayed 2 second(s)]]></system-out>
         <system-err><![CDATA[]]></system-err>
      </testcase>
      <testcase name="Test Cases/Sprint 7/FCSCMS- 728/FCSCMS-1838-S7 (User should be alble to select Hazmat option)" time="3.271" classname="Test Cases/Sprint 7/FCSCMS- 728/FCSCMS-1838-S7 (User should be alble to select Hazmat option)" status="PASSED">
         <system-out><![CDATA[2022-03-30 17:52:43 - [TEST_CASE][PASSED] - Test Cases/Sprint 7/FCSCMS- 728/FCSCMS-1838-S7 (User should be alble to select Hazmat option): Test Cases/Sprint 7/FCSCMS- 728/FCSCMS-1838-S7 (User should be alble to select Hazmat option)

2022-03-30 17:52:43 - [TEST_STEP][PASSED] - selectOptionByLabel(findTestObject("Admin/Sprint 7/FCSCMS-728(NEW)/Advance Search/Hazmat"), "Yes", false): All options with label 'Yes' are selected in object 'Object Repository/Admin/Sprint 7/FCSCMS-728(NEW)/Advance Search/Hazmat' 

2022-03-30 17:52:44 - [MESSAGE][PASSED] - All options with label 'Yes' are selected in object 'Object Repository/Admin/Sprint 7/FCSCMS-728(NEW)/Advance Search/Hazmat' 

2022-03-30 17:52:44 - [TEST_STEP][PASSED] - delay(2): Delayed 2 second(s)

2022-03-30 17:52:46 - [MESSAGE][PASSED] - Delayed 2 second(s)]]></system-out>
         <system-err><![CDATA[]]></system-err>
      </testcase>
      <testcase name="Test Cases/Sprint 7/FCSCMS- 728/FCSCMS-1839-S7 (User should be able to fill Hazmat Description)" time="3.337" classname="Test Cases/Sprint 7/FCSCMS- 728/FCSCMS-1839-S7 (User should be able to fill Hazmat Description)" status="PASSED">
         <system-out><![CDATA[2022-03-30 17:52:46 - [TEST_CASE][PASSED] - Test Cases/Sprint 7/FCSCMS- 728/FCSCMS-1839-S7 (User should be able to fill Hazmat Description): Test Cases/Sprint 7/FCSCMS- 728/FCSCMS-1839-S7 (User should be able to fill Hazmat Description)

2022-03-30 17:52:46 - [TEST_STEP][PASSED] - setText(findTestObject("Admin/Sprint 7/FCSCMS-728(NEW)/Advance Search/Hazmat Description"), "This is for Automation Purposes Only"): Text 'This is for Automation Purposes Only' is set on object 'Object Repository/Admin/Sprint 7/FCSCMS-728(NEW)/Advance Search/Hazmat Description'

2022-03-30 17:52:47 - [MESSAGE][PASSED] - Text 'This is for Automation Purposes Only' is set on object 'Object Repository/Admin/Sprint 7/FCSCMS-728(NEW)/Advance Search/Hazmat Description'

2022-03-30 17:52:47 - [TEST_STEP][PASSED] - delay(2): Delayed 2 second(s)

2022-03-30 17:52:49 - [MESSAGE][PASSED] - Delayed 2 second(s)]]></system-out>
         <system-err><![CDATA[]]></system-err>
      </testcase>
      <testcase name="Test Cases/Sprint 7/FCSCMS- 728/FCSCMS-1840-S7 (User should be alble to select UN-AN number)" time="5.319" classname="Test Cases/Sprint 7/FCSCMS- 728/FCSCMS-1840-S7 (User should be alble to select UN-AN number)" status="PASSED">
         <system-out><![CDATA[2022-03-30 17:52:49 - [TEST_CASE][PASSED] - Test Cases/Sprint 7/FCSCMS- 728/FCSCMS-1840-S7 (User should be alble to select UN-AN number): Test Cases/Sprint 7/FCSCMS- 728/FCSCMS-1840-S7 (User should be alble to select UN-AN number)

2022-03-30 17:52:50 - [TEST_STEP][PASSED] - click(findTestObject("Admin/Sprint 7/FCSCMS-728(NEW)/Advance Search/UN-NA Number")): Object: 'Object Repository/Admin/Sprint 7/FCSCMS-728(NEW)/Advance Search/UN-NA Number' is clicked on

2022-03-30 17:52:50 - [MESSAGE][PASSED] - Object: 'Object Repository/Admin/Sprint 7/FCSCMS-728(NEW)/Advance Search/UN-NA Number' is clicked on

2022-03-30 17:52:50 - [TEST_STEP][PASSED] - delay(2): Delayed 2 second(s)

2022-03-30 17:52:52 - [MESSAGE][PASSED] - Delayed 2 second(s)

2022-03-30 17:52:52 - [TEST_STEP][PASSED] - click(findTestObject("Admin/Sprint 7/FCSCMS-728(NEW)/Advance Search/UN NA/div_1122")): Object: 'Object Repository/Admin/Sprint 7/FCSCMS-728(NEW)/Advance Search/UN NA/div_1122' is clicked on

2022-03-30 17:52:53 - [MESSAGE][PASSED] - Object: 'Object Repository/Admin/Sprint 7/FCSCMS-728(NEW)/Advance Search/UN NA/div_1122' is clicked on

2022-03-30 17:52:53 - [TEST_STEP][PASSED] - delay(2): Delayed 2 second(s)

2022-03-30 17:52:55 - [MESSAGE][PASSED] - Delayed 2 second(s)]]></system-out>
         <system-err><![CDATA[]]></system-err>
      </testcase>
      <testcase name="Test Cases/Sprint 7/FCSCMS- 728/FCSCMS-1841-S7 (User should be able to click Search button)" time="2.893" classname="Test Cases/Sprint 7/FCSCMS- 728/FCSCMS-1841-S7 (User should be able to click Search button)" status="PASSED">
         <system-out><![CDATA[2022-03-30 17:52:55 - [TEST_CASE][PASSED] - Test Cases/Sprint 7/FCSCMS- 728/FCSCMS-1841-S7 (User should be able to click Search button): Test Cases/Sprint 7/FCSCMS- 728/FCSCMS-1841-S7 (User should be able to click Search button)

2022-03-30 17:52:55 - [TEST_STEP][PASSED] - click(findTestObject("Admin/Sprint 7/FCSCMS-728(NEW)/Advance Search/button_Search")): Object: 'Object Repository/Admin/Sprint 7/FCSCMS-728(NEW)/Advance Search/button_Search' is clicked on

2022-03-30 17:52:55 - [MESSAGE][PASSED] - Object: 'Object Repository/Admin/Sprint 7/FCSCMS-728(NEW)/Advance Search/button_Search' is clicked on

2022-03-30 17:52:55 - [TEST_STEP][PASSED] - delay(2): Delayed 2 second(s)

2022-03-30 17:52:57 - [MESSAGE][PASSED] - Delayed 2 second(s)]]></system-out>
         <system-err><![CDATA[]]></system-err>
      </testcase>
      <testcase name="Test Cases/Sprint 7/FCSCMS- 728/FCSCMS-1842-S7 (User should be able to Search Product)" time="2.843" classname="Test Cases/Sprint 7/FCSCMS- 728/FCSCMS-1842-S7 (User should be able to Search Product)" status="PASSED">
         <system-out><![CDATA[2022-03-30 17:52:57 - [TEST_CASE][PASSED] - Test Cases/Sprint 7/FCSCMS- 728/FCSCMS-1842-S7 (User should be able to Search Product): Test Cases/Sprint 7/FCSCMS- 728/FCSCMS-1842-S7 (User should be able to Search Product)

2022-03-30 17:52:58 - [TEST_STEP][PASSED] - verifyElementVisible(findTestObject("Admin/Sprint 7/FCSCMS-728(NEW)/Advance Search/Automation Test Product/div_Automation Test Product")): Object 'Object Repository/Admin/Sprint 7/FCSCMS-728(NEW)/Advance Search/Automation Test Product/div_Automation Test Product' is visible

2022-03-30 17:52:58 - [MESSAGE][PASSED] - Object 'Object Repository/Admin/Sprint 7/FCSCMS-728(NEW)/Advance Search/Automation Test Product/div_Automation Test Product' is visible

2022-03-30 17:52:58 - [TEST_STEP][PASSED] - delay(2): Delayed 2 second(s)

2022-03-30 17:53:00 - [MESSAGE][PASSED] - Delayed 2 second(s)]]></system-out>
         <system-err><![CDATA[]]></system-err>
      </testcase>
      <testcase name="Test Cases/Sprint 7/FCSCMS- 728/FCSCMS-1843-S7 (User should be able to click Clear button)" time="2.934" classname="Test Cases/Sprint 7/FCSCMS- 728/FCSCMS-1843-S7 (User should be able to click Clear button)" status="PASSED">
         <system-out><![CDATA[2022-03-30 17:53:00 - [TEST_CASE][PASSED] - Test Cases/Sprint 7/FCSCMS- 728/FCSCMS-1843-S7 (User should be able to click Clear button): Test Cases/Sprint 7/FCSCMS- 728/FCSCMS-1843-S7 (User should be able to click Clear button)

2022-03-30 17:53:01 - [TEST_STEP][PASSED] - click(findTestObject("Admin/Sprint 7/FCSCMS-728(NEW)/Advance Search/button_Clear")): Object: 'Object Repository/Admin/Sprint 7/FCSCMS-728(NEW)/Advance Search/button_Clear' is clicked on

2022-03-30 17:53:01 - [MESSAGE][PASSED] - Object: 'Object Repository/Admin/Sprint 7/FCSCMS-728(NEW)/Advance Search/button_Clear' is clicked on

2022-03-30 17:53:01 - [TEST_STEP][PASSED] - delay(2): Delayed 2 second(s)

2022-03-30 17:53:03 - [MESSAGE][PASSED] - Delayed 2 second(s)]]></system-out>
         <system-err><![CDATA[]]></system-err>
      </testcase>
      <system-out><![CDATA[2022-03-30 17:51:10 - [TEST_SUITE][PASSED] - FCSCMS-728 (Product Catalog Management - Search Products): Test Cases/Sprint 7/FCSCMS- 728/FCSCMS-1843-S7 (User should be able to click Clear button)]]></system-out>
      <system-err><![CDATA[]]></system-err>
   </testsuite>
</testsuites>
