<?xml version="1.0" encoding="UTF-8"?>
<testsuites name="FCSCMS-732 (Product Catalog Management - Delete Product)" time="83.814" tests="3" failures="0" errors="0">
   <testsuite name="FCSCMS-732 (Product Catalog Management - Delete Product)" tests="3" failures="0" errors="0" time="83.814" skipped="0" timestamp="2022-04-04 18:04:54" hostname="me - DESKTOP-S7SF50D" id="Test Suites/Sprint 7/FCSCMS-732 (Product Catalog Management - Delete Product)">
      <properties>
         <property name="deviceName" value=""/>
         <property name="devicePlatform" value=""/>
         <property name="logFolder" value="C:\\Users\\me\\git\\nexterous-automation\\Reports\\20220404_180440\\Sprint 7\\FCSCMS-732 (Product Catalog Management - Delete Product)\\20220404_180440"/>
         <property name="logFiles" value="C:\\Users\\me\\git\\nexterous-automation\\Reports\\20220404_180440\\Sprint 7\\FCSCMS-732 (Product Catalog Management - Delete Product)\\20220404_180440\\execution0.log"/>
         <property name="attachments" value=""/>
         <property name="hostName" value="me - DESKTOP-S7SF50D"/>
         <property name="os" value="Windows 10 64bit"/>
         <property name="katalonVersion" value="8.2.5.208"/>
         <property name="browser" value="Chrome 99.0.4844.84"/>
         <property name="hostAddress" value="192.168.100.8"/>
         <property name="sessionId" value="e7c7983c42e5c84a9a68f8d9a5c5f05d"/>
         <property name="seleniumVersion" value="3.141.59"/>
         <property name="proxyInformation" value="ProxyInformation { proxyOption=NO_PROXY, proxyServerType=HTTP, username=, password=********, proxyServerAddress=, proxyServerPort=0, executionList=&quot;&quot;, isApplyToDesiredCapabilities=true }"/>
         <property name="platform" value="Windows 10"/>
      </properties>
      <testcase name="Test Cases/Sprint 7/FCSCMS- 732/FCSCMS-1862-S7 (User should be able to Log in using Admin-Valid credentials)" time="13.344" classname="Test Cases/Sprint 7/FCSCMS- 732/FCSCMS-1862-S7 (User should be able to Log in using Admin-Valid credentials)" status="PASSED">
         <system-out><![CDATA[2022-04-04 18:04:55 - [TEST_CASE][PASSED] - Test Cases/Sprint 7/FCSCMS- 732/FCSCMS-1862-S7 (User should be able to Log in using Admin-Valid credentials): Test Cases/Sprint 7/FCSCMS- 732/FCSCMS-1862-S7 (User should be able to Log in using Admin-Valid credentials)

2022-04-04 18:04:55 - [TEST_STEP][PASSED] - openBrowser(""): Browser is opened with url: ''

2022-04-04 18:04:56 - [MESSAGE][INFO] - Starting 'Chrome' driver

2022-04-04 18:04:56 - [MESSAGE][INFO] - Action delay is set to 0 milliseconds

2022-04-04 18:04:59 - [MESSAGE][PASSED] - Browser is opened with url: ''

2022-04-04 18:04:59 - [TEST_STEP][PASSED] - navigateToUrl("https://nexterus-tst.outsystemsenterprise.com/FusionCenter/Login"): Navigate to 'https://nexterus-tst.outsystemsenterprise.com/FusionCenter/Login' successfully

2022-04-04 18:05:01 - [MESSAGE][PASSED] - Navigate to 'https://nexterus-tst.outsystemsenterprise.com/FusionCenter/Login' successfully

2022-04-04 18:05:01 - [TEST_STEP][PASSED] - maximizeWindow(): Current window maximized

2022-04-04 18:05:01 - [MESSAGE][PASSED] - Current window maximized

2022-04-04 18:05:01 - [TEST_STEP][PASSED] - delay(3): Delayed 3 second(s)

2022-04-04 18:05:04 - [MESSAGE][PASSED] - Delayed 3 second(s)

2022-04-04 18:05:04 - [TEST_STEP][PASSED] - setText(findTestObject("Login/Username_Field"), "admin"): Text 'admin' is set on object 'Object Repository/Login/Username_Field'

2022-04-04 18:05:05 - [MESSAGE][PASSED] - Text 'admin' is set on object 'Object Repository/Login/Username_Field'

2022-04-04 18:05:05 - [TEST_STEP][PASSED] - delay(1): Delayed 1 second(s)

2022-04-04 18:05:06 - [MESSAGE][PASSED] - Delayed 1 second(s)

2022-04-04 18:05:06 - [TEST_STEP][PASSED] - setText(findTestObject("Login/Password_Field"), "admin"): Text 'admin' is set on object 'Object Repository/Login/Password_Field'

2022-04-04 18:05:07 - [MESSAGE][PASSED] - Text 'admin' is set on object 'Object Repository/Login/Password_Field'

2022-04-04 18:05:07 - [TEST_STEP][PASSED] - delay(1): Delayed 1 second(s)

2022-04-04 18:05:08 - [MESSAGE][PASSED] - Delayed 1 second(s)

2022-04-04 18:05:08 - [TEST_STEP][PASSED] - click(findTestObject("Login/BTN_Login")): Object: 'Object Repository/Login/BTN_Login' is clicked on

2022-04-04 18:05:08 - [MESSAGE][PASSED] - Object: 'Object Repository/Login/BTN_Login' is clicked on]]></system-out>
         <system-err><![CDATA[]]></system-err>
      </testcase>
      <testcase name="Test Cases/Sprint 7/FCSCMS- 732/FCSCMS-1863-S7 (User should be able to clicks Product Catalog)" time="44.094" classname="Test Cases/Sprint 7/FCSCMS- 732/FCSCMS-1863-S7 (User should be able to clicks Product Catalog)" status="PASSED">
         <system-out><![CDATA[2022-04-04 18:05:08 - [TEST_CASE][PASSED] - Test Cases/Sprint 7/FCSCMS- 732/FCSCMS-1863-S7 (User should be able to clicks Product Catalog): Test Cases/Sprint 7/FCSCMS- 732/FCSCMS-1863-S7 (User should be able to clicks Product Catalog)

2022-04-04 18:05:09 - [TEST_STEP][PASSED] - click(findTestObject("Admin/Sprint 7/FCSCMS-729/a_Product Catalog")): Object: 'Object Repository/Admin/Sprint 7/FCSCMS-729/a_Product Catalog' is clicked on

2022-04-04 18:05:46 - [MESSAGE][PASSED] - Object: 'Object Repository/Admin/Sprint 7/FCSCMS-729/a_Product Catalog' is clicked on

2022-04-04 18:05:46 - [TEST_STEP][PASSED] - delay(2): Delayed 2 second(s)

2022-04-04 18:05:48 - [MESSAGE][PASSED] - Delayed 2 second(s)

2022-04-04 18:05:48 - [TEST_STEP][PASSED] - click(findTestObject("Admin/Sprint 7/FCSCMS-729/a_Product Catalog")): Object: 'Object Repository/Admin/Sprint 7/FCSCMS-729/a_Product Catalog' is clicked on

2022-04-04 18:05:52 - [MESSAGE][PASSED] - Object: 'Object Repository/Admin/Sprint 7/FCSCMS-729/a_Product Catalog' is clicked on]]></system-out>
         <system-err><![CDATA[]]></system-err>
      </testcase>
      <testcase name="Test Cases/Sprint 7/FCSCMS- 732/FCSCMS-1864-S7 (User shoulb be able to click Delete button from the Grid)" time="25.791" classname="Test Cases/Sprint 7/FCSCMS- 732/FCSCMS-1864-S7 (User shoulb be able to click Delete button from the Grid)" status="PASSED">
         <system-out><![CDATA[2022-04-04 18:05:52 - [TEST_CASE][PASSED] - Test Cases/Sprint 7/FCSCMS- 732/FCSCMS-1864-S7 (User shoulb be able to click Delete button from the Grid): Test Cases/Sprint 7/FCSCMS- 732/FCSCMS-1864-S7 (User shoulb be able to click Delete button from the Grid)

2022-04-04 18:05:53 - [TEST_STEP][PASSED] - click(findTestObject("Admin/Sprint 7/FCSCMS-730(NEW)/AddNewProduct/button_Add New Product")): Object: 'Object Repository/Admin/Sprint 7/FCSCMS-730(NEW)/AddNewProduct/button_Add New Product' is clicked on

2022-04-04 18:05:54 - [MESSAGE][PASSED] - Object: 'Object Repository/Admin/Sprint 7/FCSCMS-730(NEW)/AddNewProduct/button_Add New Product' is clicked on

2022-04-04 18:05:54 - [TEST_STEP][PASSED] - delay(2): Delayed 2 second(s)

2022-04-04 18:05:56 - [MESSAGE][PASSED] - Delayed 2 second(s)

2022-04-04 18:05:56 - [TEST_STEP][PASSED] - setText(findTestObject("Admin/Sprint 7/FCSCMS-730(NEW)/AddNewProduct/ProductDescription"), "Delete Product Path"): Text 'Delete Product Path' is set on object 'Object Repository/Admin/Sprint 7/FCSCMS-730(NEW)/AddNewProduct/ProductDescription'

2022-04-04 18:05:57 - [MESSAGE][PASSED] - Text 'Delete Product Path' is set on object 'Object Repository/Admin/Sprint 7/FCSCMS-730(NEW)/AddNewProduct/ProductDescription'

2022-04-04 18:05:57 - [TEST_STEP][PASSED] - delay(1): Delayed 1 second(s)

2022-04-04 18:05:58 - [MESSAGE][PASSED] - Delayed 1 second(s)

2022-04-04 18:05:58 - [TEST_STEP][PASSED] - setText(findTestObject("Admin/Sprint 7/FCSCMS-730(NEW)/AddNewProduct/ProductCode"), "0000"): Text '0000' is set on object 'Object Repository/Admin/Sprint 7/FCSCMS-730(NEW)/AddNewProduct/ProductCode'

2022-04-04 18:05:59 - [MESSAGE][PASSED] - Text '0000' is set on object 'Object Repository/Admin/Sprint 7/FCSCMS-730(NEW)/AddNewProduct/ProductCode'

2022-04-04 18:05:59 - [TEST_STEP][PASSED] - setText(findTestObject("Admin/Sprint 7/FCSCMS-730(NEW)/AddNewProduct/ProductClass"), "Test Class"): Text 'Test Class' is set on object 'Object Repository/Admin/Sprint 7/FCSCMS-730(NEW)/AddNewProduct/ProductClass'

2022-04-04 18:05:59 - [MESSAGE][PASSED] - Text 'Test Class' is set on object 'Object Repository/Admin/Sprint 7/FCSCMS-730(NEW)/AddNewProduct/ProductClass'

2022-04-04 18:05:59 - [TEST_STEP][PASSED] - setText(findTestObject("Admin/Sprint 7/FCSCMS-730(NEW)/AddNewProduct/Input_NMFC"), "1324"): Text '1324' is set on object 'Object Repository/Admin/Sprint 7/FCSCMS-730(NEW)/AddNewProduct/Input_NMFC'

2022-04-04 18:06:00 - [MESSAGE][PASSED] - Text '1324' is set on object 'Object Repository/Admin/Sprint 7/FCSCMS-730(NEW)/AddNewProduct/Input_NMFC'

2022-04-04 18:06:00 - [TEST_STEP][PASSED] - delay(2): Delayed 2 second(s)

2022-04-04 18:06:02 - [MESSAGE][PASSED] - Delayed 2 second(s)

2022-04-04 18:06:02 - [TEST_STEP][PASSED] - click(findTestObject("Admin/Sprint 7/FCSCMS-730(NEW)/AddNewProduct/Hazmat_YES")): Object: 'Object Repository/Admin/Sprint 7/FCSCMS-730(NEW)/AddNewProduct/Hazmat_YES' is clicked on

2022-04-04 18:06:03 - [MESSAGE][PASSED] - Object: 'Object Repository/Admin/Sprint 7/FCSCMS-730(NEW)/AddNewProduct/Hazmat_YES' is clicked on

2022-04-04 18:06:03 - [TEST_STEP][PASSED] - setText(findTestObject("Admin/Sprint 7/FCSCMS-730(NEW)/AddNewProduct/input_UN  NA Number"), "0000"): Text '0000' is set on object 'Object Repository/Admin/Sprint 7/FCSCMS-730(NEW)/AddNewProduct/input_UN  NA Number'

2022-04-04 18:06:03 - [MESSAGE][PASSED] - Text '0000' is set on object 'Object Repository/Admin/Sprint 7/FCSCMS-730(NEW)/AddNewProduct/input_UN  NA Number'

2022-04-04 18:06:03 - [TEST_STEP][PASSED] - delay(1): Delayed 1 second(s)

2022-04-04 18:06:04 - [MESSAGE][PASSED] - Delayed 1 second(s)

2022-04-04 18:06:04 - [TEST_STEP][PASSED] - setText(findTestObject("Admin/Sprint 7/FCSCMS-730(NEW)/AddNewProduct/HazmatDescription"), "Product Delete Path"): Text 'Product Delete Path' is set on object 'Object Repository/Admin/Sprint 7/FCSCMS-730(NEW)/AddNewProduct/HazmatDescription'

2022-04-04 18:06:05 - [MESSAGE][PASSED] - Text 'Product Delete Path' is set on object 'Object Repository/Admin/Sprint 7/FCSCMS-730(NEW)/AddNewProduct/HazmatDescription'

2022-04-04 18:06:05 - [TEST_STEP][PASSED] - delay(1): Delayed 1 second(s)

2022-04-04 18:06:06 - [MESSAGE][PASSED] - Delayed 1 second(s)

2022-04-04 18:06:06 - [TEST_STEP][PASSED] - click(findTestObject("Admin/Sprint 7/FCSCMS-730(NEW)/AddNewProduct/button_Save")): Object: 'Object Repository/Admin/Sprint 7/FCSCMS-730(NEW)/AddNewProduct/button_Save' is clicked on

2022-04-04 18:06:07 - [MESSAGE][PASSED] - Object: 'Object Repository/Admin/Sprint 7/FCSCMS-730(NEW)/AddNewProduct/button_Save' is clicked on

2022-04-04 18:06:07 - [TEST_STEP][PASSED] - delay(1): Delayed 1 second(s)

2022-04-04 18:06:08 - [MESSAGE][PASSED] - Delayed 1 second(s)

2022-04-04 18:06:08 - [TEST_STEP][PASSED] - click(findTestObject("Admin/Sprint 7/FCSCMS-730(NEW)/AddNewProduct/button_Yes(Save)")): Object: 'Object Repository/Admin/Sprint 7/FCSCMS-730(NEW)/AddNewProduct/button_Yes(Save)' is clicked on

2022-04-04 18:06:08 - [MESSAGE][PASSED] - Object: 'Object Repository/Admin/Sprint 7/FCSCMS-730(NEW)/AddNewProduct/button_Yes(Save)' is clicked on

2022-04-04 18:06:08 - [TEST_STEP][PASSED] - delay(2): Delayed 2 second(s)

2022-04-04 18:06:10 - [MESSAGE][PASSED] - Delayed 2 second(s)

2022-04-04 18:06:10 - [TEST_STEP][PASSED] - setText(findTestObject("Admin/Sprint 7/FCSCMS-732(NEW)/Search/SearchBar"), "Delete Product Path"): Text 'Delete Product Path' is set on object 'Object Repository/Admin/Sprint 7/FCSCMS-732(NEW)/Search/SearchBar'

2022-04-04 18:06:11 - [MESSAGE][PASSED] - Text 'Delete Product Path' is set on object 'Object Repository/Admin/Sprint 7/FCSCMS-732(NEW)/Search/SearchBar'

2022-04-04 18:06:11 - [TEST_STEP][PASSED] - delay(1): Delayed 1 second(s)

2022-04-04 18:06:12 - [MESSAGE][PASSED] - Delayed 1 second(s)

2022-04-04 18:06:12 - [TEST_STEP][PASSED] - click(findTestObject("Admin/Sprint 7/FCSCMS-732(NEW)/Search/SearchButton")): Object: 'Object Repository/Admin/Sprint 7/FCSCMS-732(NEW)/Search/SearchButton' is clicked on

2022-04-04 18:06:13 - [MESSAGE][PASSED] - Object: 'Object Repository/Admin/Sprint 7/FCSCMS-732(NEW)/Search/SearchButton' is clicked on

2022-04-04 18:06:13 - [TEST_STEP][PASSED] - delay(3): Delayed 3 second(s)

2022-04-04 18:06:16 - [MESSAGE][PASSED] - Delayed 3 second(s)

2022-04-04 18:06:16 - [TEST_STEP][PASSED] - click(findTestObject("Admin/Sprint 7/FCSCMS-732(NEW)/Search/DeleteIcon")): Object: 'Object Repository/Admin/Sprint 7/FCSCMS-732(NEW)/Search/DeleteIcon' is clicked on

2022-04-04 18:06:16 - [MESSAGE][PASSED] - Object: 'Object Repository/Admin/Sprint 7/FCSCMS-732(NEW)/Search/DeleteIcon' is clicked on

2022-04-04 18:06:16 - [TEST_STEP][PASSED] - delay(2): Delayed 2 second(s)

2022-04-04 18:06:18 - [MESSAGE][PASSED] - Delayed 2 second(s)]]></system-out>
         <system-err><![CDATA[]]></system-err>
      </testcase>
      <system-out><![CDATA[2022-04-04 18:04:54 - [TEST_SUITE][PASSED] - FCSCMS-732 (Product Catalog Management - Delete Product): Test Cases/Sprint 7/FCSCMS- 732/FCSCMS-1864-S7 (User shoulb be able to click Delete button from the Grid)]]></system-out>
      <system-err><![CDATA[]]></system-err>
   </testsuite>
</testsuites>
