<?xml version="1.0" encoding="UTF-8"?>
<testsuites name="FCSCMS-730 (Product Catalog Management - Add New Product)" time="142.537" tests="18" failures="0" errors="0">
   <testsuite name="FCSCMS-730 (Product Catalog Management - Add New Product)" tests="18" failures="0" errors="0" time="142.537" skipped="0" timestamp="2022-03-30 17:56:34" hostname="me - DESKTOP-S7SF50D" id="Test Suites/Sprint 7/FCSCMS-730 (Product Catalog Management - Add New Product)">
      <properties>
         <property name="deviceName" value=""/>
         <property name="devicePlatform" value=""/>
         <property name="logFolder" value="C:\\Users\\me\\git\\nexterous-automation\\Reports\\20220330_175619\\Sprint 7\\FCSCMS-730 (Product Catalog Management - Add New Product)\\20220330_175619"/>
         <property name="logFiles" value="C:\\Users\\me\\git\\nexterous-automation\\Reports\\20220330_175619\\Sprint 7\\FCSCMS-730 (Product Catalog Management - Add New Product)\\20220330_175619\\execution0.log"/>
         <property name="attachments" value=""/>
         <property name="hostName" value="me - DESKTOP-S7SF50D"/>
         <property name="os" value="Windows 10 64bit"/>
         <property name="katalonVersion" value="8.2.5.208"/>
         <property name="browser" value="Chrome 99.0.4844.84"/>
         <property name="hostAddress" value="192.168.100.8"/>
         <property name="sessionId" value="533e4cdac6853cd50f30d11ef29e65f2"/>
         <property name="seleniumVersion" value="3.141.59"/>
         <property name="proxyInformation" value="ProxyInformation { proxyOption=NO_PROXY, proxyServerType=HTTP, username=, password=********, proxyServerAddress=, proxyServerPort=0, executionList=&quot;&quot;, isApplyToDesiredCapabilities=true }"/>
         <property name="platform" value="Windows 10"/>
      </properties>
      <testcase name="Test Cases/Sprint 7/FCSCMS- 730/FCSCMS-1844-S7 (User should be able to Log in using Admin-Valid credentials)" time="15.938" classname="Test Cases/Sprint 7/FCSCMS- 730/FCSCMS-1844-S7 (User should be able to Log in using Admin-Valid credentials)" status="PASSED">
         <system-out><![CDATA[2022-03-30 17:56:35 - [TEST_CASE][PASSED] - Test Cases/Sprint 7/FCSCMS- 730/FCSCMS-1844-S7 (User should be able to Log in using Admin-Valid credentials): Test Cases/Sprint 7/FCSCMS- 730/FCSCMS-1844-S7 (User should be able to Log in using Admin-Valid credentials)

2022-03-30 17:56:36 - [TEST_STEP][PASSED] - openBrowser(""): Browser is opened with url: ''

2022-03-30 17:56:37 - [MESSAGE][INFO] - Starting 'Chrome' driver

2022-03-30 17:56:37 - [MESSAGE][INFO] - Action delay is set to 0 milliseconds

2022-03-30 17:56:41 - [MESSAGE][PASSED] - Browser is opened with url: ''

2022-03-30 17:56:41 - [TEST_STEP][PASSED] - navigateToUrl("https://nexterus-tst.outsystemsenterprise.com/FusionCenter/Login"): Navigate to 'https://nexterus-tst.outsystemsenterprise.com/FusionCenter/Login' successfully

2022-03-30 17:56:43 - [MESSAGE][PASSED] - Navigate to 'https://nexterus-tst.outsystemsenterprise.com/FusionCenter/Login' successfully

2022-03-30 17:56:43 - [TEST_STEP][PASSED] - maximizeWindow(): Current window maximized

2022-03-30 17:56:44 - [MESSAGE][PASSED] - Current window maximized

2022-03-30 17:56:44 - [TEST_STEP][PASSED] - delay(3): Delayed 3 second(s)

2022-03-30 17:56:47 - [MESSAGE][PASSED] - Delayed 3 second(s)

2022-03-30 17:56:47 - [TEST_STEP][PASSED] - setText(findTestObject("Login/Username_Field"), "admin"): Text 'admin' is set on object 'Object Repository/Login/Username_Field'

2022-03-30 17:56:48 - [MESSAGE][PASSED] - Text 'admin' is set on object 'Object Repository/Login/Username_Field'

2022-03-30 17:56:48 - [TEST_STEP][PASSED] - delay(1): Delayed 1 second(s)

2022-03-30 17:56:49 - [MESSAGE][PASSED] - Delayed 1 second(s)

2022-03-30 17:56:49 - [TEST_STEP][PASSED] - setText(findTestObject("Login/Password_Field"), "admin"): Text 'admin' is set on object 'Object Repository/Login/Password_Field'

2022-03-30 17:56:50 - [MESSAGE][PASSED] - Text 'admin' is set on object 'Object Repository/Login/Password_Field'

2022-03-30 17:56:50 - [TEST_STEP][PASSED] - delay(1): Delayed 1 second(s)

2022-03-30 17:56:51 - [MESSAGE][PASSED] - Delayed 1 second(s)

2022-03-30 17:56:51 - [TEST_STEP][PASSED] - click(findTestObject("Login/BTN_Login")): Object: 'Object Repository/Login/BTN_Login' is clicked on

2022-03-30 17:56:51 - [MESSAGE][PASSED] - Object: 'Object Repository/Login/BTN_Login' is clicked on]]></system-out>
         <system-err><![CDATA[]]></system-err>
      </testcase>
      <testcase name="Test Cases/Sprint 7/FCSCMS- 730/FCSCMS-1845-S7 (User should be able to click Product Catalog)" time="36.952" classname="Test Cases/Sprint 7/FCSCMS- 730/FCSCMS-1845-S7 (User should be able to click Product Catalog)" status="PASSED">
         <system-out><![CDATA[2022-03-30 17:56:51 - [TEST_CASE][PASSED] - Test Cases/Sprint 7/FCSCMS- 730/FCSCMS-1845-S7 (User should be able to click Product Catalog): Test Cases/Sprint 7/FCSCMS- 730/FCSCMS-1845-S7 (User should be able to click Product Catalog)

2022-03-30 17:56:52 - [TEST_STEP][PASSED] - click(findTestObject("Admin/Sprint 7/FCSCMS-729/a_Product Catalog")): Object: 'Object Repository/Admin/Sprint 7/FCSCMS-729/a_Product Catalog' is clicked on

2022-03-30 17:57:26 - [MESSAGE][PASSED] - Object: 'Object Repository/Admin/Sprint 7/FCSCMS-729/a_Product Catalog' is clicked on

2022-03-30 17:57:26 - [TEST_STEP][PASSED] - delay(2): Delayed 2 second(s)

2022-03-30 17:57:28 - [MESSAGE][PASSED] - Delayed 2 second(s)]]></system-out>
         <system-err><![CDATA[]]></system-err>
      </testcase>
      <testcase name="Test Cases/Sprint 7/FCSCMS- 730/FCSCMS-1846-S7 (User is able to click Add new product button)" time="6.044" classname="Test Cases/Sprint 7/FCSCMS- 730/FCSCMS-1846-S7 (User is able to click Add new product button)" status="PASSED">
         <system-out><![CDATA[2022-03-30 17:57:28 - [TEST_CASE][PASSED] - Test Cases/Sprint 7/FCSCMS- 730/FCSCMS-1846-S7 (User is able to click Add new product button): Test Cases/Sprint 7/FCSCMS- 730/FCSCMS-1846-S7 (User is able to click Add new product button)

2022-03-30 17:57:29 - [TEST_STEP][PASSED] - click(findTestObject("Admin/Sprint 7/FCSCMS-730(NEW)/AddNewProduct/button_Add New Product")): Object: 'Object Repository/Admin/Sprint 7/FCSCMS-730(NEW)/AddNewProduct/button_Add New Product' is clicked on

2022-03-30 17:57:32 - [MESSAGE][PASSED] - Object: 'Object Repository/Admin/Sprint 7/FCSCMS-730(NEW)/AddNewProduct/button_Add New Product' is clicked on

2022-03-30 17:57:32 - [TEST_STEP][PASSED] - delay(2): Delayed 2 second(s)

2022-03-30 17:57:34 - [MESSAGE][PASSED] - Delayed 2 second(s)]]></system-out>
         <system-err><![CDATA[]]></system-err>
      </testcase>
      <testcase name="Test Cases/Sprint 7/FCSCMS- 730/FCSCMS-1847-S7 (User should be able to fill Product description field (mandatory))" time="3.245" classname="Test Cases/Sprint 7/FCSCMS- 730/FCSCMS-1847-S7 (User should be able to fill Product description field (mandatory))" status="PASSED">
         <system-out><![CDATA[2022-03-30 17:57:34 - [TEST_CASE][PASSED] - Test Cases/Sprint 7/FCSCMS- 730/FCSCMS-1847-S7 (User should be able to fill Product description field (mandatory)): Test Cases/Sprint 7/FCSCMS- 730/FCSCMS-1847-S7 (User should be able to fill Product description field (mandatory))

2022-03-30 17:57:35 - [TEST_STEP][PASSED] - setText(findTestObject("Admin/Sprint 7/FCSCMS-730(NEW)/AddNewProduct/ProductDescription"), "AT Test Description"): Text 'AT Test Description' is set on object 'Object Repository/Admin/Sprint 7/FCSCMS-730(NEW)/AddNewProduct/ProductDescription'

2022-03-30 17:57:35 - [MESSAGE][PASSED] - Text 'AT Test Description' is set on object 'Object Repository/Admin/Sprint 7/FCSCMS-730(NEW)/AddNewProduct/ProductDescription'

2022-03-30 17:57:35 - [TEST_STEP][PASSED] - delay(2): Delayed 2 second(s)

2022-03-30 17:57:37 - [MESSAGE][PASSED] - Delayed 2 second(s)]]></system-out>
         <system-err><![CDATA[]]></system-err>
      </testcase>
      <testcase name="Test Cases/Sprint 7/FCSCMS- 730/FCSCMS-1848-S7 (User should be able to fill Product Code field)" time="3.354" classname="Test Cases/Sprint 7/FCSCMS- 730/FCSCMS-1848-S7 (User should be able to fill Product Code field)" status="PASSED">
         <system-out><![CDATA[2022-03-30 17:57:37 - [TEST_CASE][PASSED] - Test Cases/Sprint 7/FCSCMS- 730/FCSCMS-1848-S7 (User should be able to fill Product Code field): Test Cases/Sprint 7/FCSCMS- 730/FCSCMS-1848-S7 (User should be able to fill Product Code field)

2022-03-30 17:57:38 - [TEST_STEP][PASSED] - setText(findTestObject("Admin/Sprint 7/FCSCMS-730(NEW)/AddNewProduct/ProductCode"), "AT Test Code"): Text 'AT Test Code' is set on object 'Object Repository/Admin/Sprint 7/FCSCMS-730(NEW)/AddNewProduct/ProductCode'

2022-03-30 17:57:39 - [MESSAGE][PASSED] - Text 'AT Test Code' is set on object 'Object Repository/Admin/Sprint 7/FCSCMS-730(NEW)/AddNewProduct/ProductCode'

2022-03-30 17:57:39 - [TEST_STEP][PASSED] - delay(2): Delayed 2 second(s)

2022-03-30 17:57:41 - [MESSAGE][PASSED] - Delayed 2 second(s)]]></system-out>
         <system-err><![CDATA[]]></system-err>
      </testcase>
      <testcase name="Test Cases/Sprint 7/FCSCMS- 730/FCSCMS-1849-S7 (User should be able to fill Class field)" time="2.254" classname="Test Cases/Sprint 7/FCSCMS- 730/FCSCMS-1849-S7 (User should be able to fill Class field)" status="PASSED">
         <system-out><![CDATA[2022-03-30 17:57:41 - [TEST_CASE][PASSED] - Test Cases/Sprint 7/FCSCMS- 730/FCSCMS-1849-S7 (User should be able to fill Class field): Test Cases/Sprint 7/FCSCMS- 730/FCSCMS-1849-S7 (User should be able to fill Class field)

2022-03-30 17:57:41 - [TEST_STEP][PASSED] - setText(findTestObject("Admin/Sprint 7/FCSCMS-730(NEW)/AddNewProduct/ProductClass"), "AT Test Class"): Text 'AT Test Class' is set on object 'Object Repository/Admin/Sprint 7/FCSCMS-730(NEW)/AddNewProduct/ProductClass'

2022-03-30 17:57:42 - [MESSAGE][PASSED] - Text 'AT Test Class' is set on object 'Object Repository/Admin/Sprint 7/FCSCMS-730(NEW)/AddNewProduct/ProductClass'

2022-03-30 17:57:42 - [TEST_STEP][PASSED] - delay(1): Delayed 1 second(s)

2022-03-30 17:57:43 - [MESSAGE][PASSED] - Delayed 1 second(s)]]></system-out>
         <system-err><![CDATA[]]></system-err>
      </testcase>
      <testcase name="Test Cases/Sprint 7/FCSCMS- 730/FCSCMS-1850-S7 (User should be able to fill NMFC field)" time="2.171" classname="Test Cases/Sprint 7/FCSCMS- 730/FCSCMS-1850-S7 (User should be able to fill NMFC field)" status="PASSED">
         <system-out><![CDATA[2022-03-30 17:57:43 - [TEST_CASE][PASSED] - Test Cases/Sprint 7/FCSCMS- 730/FCSCMS-1850-S7 (User should be able to fill NMFC field): Test Cases/Sprint 7/FCSCMS- 730/FCSCMS-1850-S7 (User should be able to fill NMFC field)

2022-03-30 17:57:44 - [TEST_STEP][PASSED] - setText(findTestObject("Admin/Sprint 7/FCSCMS-730(NEW)/AddNewProduct/Input_NMFC"), "1234"): Text '1234' is set on object 'Object Repository/Admin/Sprint 7/FCSCMS-730(NEW)/AddNewProduct/Input_NMFC'

2022-03-30 17:57:44 - [MESSAGE][PASSED] - Text '1234' is set on object 'Object Repository/Admin/Sprint 7/FCSCMS-730(NEW)/AddNewProduct/Input_NMFC'

2022-03-30 17:57:44 - [TEST_STEP][PASSED] - delay(1): Delayed 1 second(s)

2022-03-30 17:57:45 - [MESSAGE][PASSED] - Delayed 1 second(s)]]></system-out>
         <system-err><![CDATA[]]></system-err>
      </testcase>
      <testcase name="Test Cases/Sprint 7/FCSCMS- 730/FCSCMS-1851-S7 (User should be able to select No on Hazmat option)" time="1.47" classname="Test Cases/Sprint 7/FCSCMS- 730/FCSCMS-1851-S7 (User should be able to select No on Hazmat option)" status="PASSED">
         <system-out><![CDATA[2022-03-30 17:57:45 - [TEST_CASE][PASSED] - Test Cases/Sprint 7/FCSCMS- 730/FCSCMS-1851-S7 (User should be able to select No on Hazmat option): Test Cases/Sprint 7/FCSCMS- 730/FCSCMS-1851-S7 (User should be able to select No on Hazmat option)

2022-03-30 17:57:46 - [TEST_STEP][PASSED] - delay(1): Delayed 1 second(s)

2022-03-30 17:57:47 - [MESSAGE][PASSED] - Delayed 1 second(s)]]></system-out>
         <system-err><![CDATA[]]></system-err>
      </testcase>
      <testcase name="Test Cases/Sprint 7/FCSCMS- 730/FCSCMS-1852-S7 (User should be able to select Yes on Hazmat option)" time="2.156" classname="Test Cases/Sprint 7/FCSCMS- 730/FCSCMS-1852-S7 (User should be able to select Yes on Hazmat option)" status="PASSED">
         <system-out><![CDATA[2022-03-30 17:57:47 - [TEST_CASE][PASSED] - Test Cases/Sprint 7/FCSCMS- 730/FCSCMS-1852-S7 (User should be able to select Yes on Hazmat option): Test Cases/Sprint 7/FCSCMS- 730/FCSCMS-1852-S7 (User should be able to select Yes on Hazmat option)

2022-03-30 17:57:47 - [TEST_STEP][PASSED] - click(findTestObject("Admin/Sprint 7/FCSCMS-730(NEW)/AddNewProduct/Hazmat_YES")): Object: 'Object Repository/Admin/Sprint 7/FCSCMS-730(NEW)/AddNewProduct/Hazmat_YES' is clicked on

2022-03-30 17:57:48 - [MESSAGE][PASSED] - Object: 'Object Repository/Admin/Sprint 7/FCSCMS-730(NEW)/AddNewProduct/Hazmat_YES' is clicked on

2022-03-30 17:57:48 - [TEST_STEP][PASSED] - delay(1): Delayed 1 second(s)

2022-03-30 17:57:49 - [MESSAGE][PASSED] - Delayed 1 second(s)]]></system-out>
         <system-err><![CDATA[]]></system-err>
      </testcase>
      <testcase name="Test Cases/Sprint 7/FCSCMS- 730/FCSCMS-1853-S7 (User should be able to fill UN-AN Number field)" time="2.196" classname="Test Cases/Sprint 7/FCSCMS- 730/FCSCMS-1853-S7 (User should be able to fill UN-AN Number field)" status="PASSED">
         <system-out><![CDATA[2022-03-30 17:57:49 - [TEST_CASE][PASSED] - Test Cases/Sprint 7/FCSCMS- 730/FCSCMS-1853-S7 (User should be able to fill UN-AN Number field): Test Cases/Sprint 7/FCSCMS- 730/FCSCMS-1853-S7 (User should be able to fill UN-AN Number field)

2022-03-30 17:57:49 - [TEST_STEP][PASSED] - setText(findTestObject("Admin/Sprint 7/FCSCMS-730(NEW)/AddNewProduct/input_UN  NA Number"), "1324"): Text '1324' is set on object 'Object Repository/Admin/Sprint 7/FCSCMS-730(NEW)/AddNewProduct/input_UN  NA Number'

2022-03-30 17:57:50 - [MESSAGE][PASSED] - Text '1324' is set on object 'Object Repository/Admin/Sprint 7/FCSCMS-730(NEW)/AddNewProduct/input_UN  NA Number'

2022-03-30 17:57:50 - [TEST_STEP][PASSED] - delay(1): Delayed 1 second(s)

2022-03-30 17:57:51 - [MESSAGE][PASSED] - Delayed 1 second(s)]]></system-out>
         <system-err><![CDATA[]]></system-err>
      </testcase>
      <testcase name="Test Cases/Sprint 7/FCSCMS- 730/FCSCMS-1854-S7 (User should be able to fill Hazmat Description field)" time="3.355" classname="Test Cases/Sprint 7/FCSCMS- 730/FCSCMS-1854-S7 (User should be able to fill Hazmat Description field)" status="PASSED">
         <system-out><![CDATA[2022-03-30 17:57:51 - [TEST_CASE][PASSED] - Test Cases/Sprint 7/FCSCMS- 730/FCSCMS-1854-S7 (User should be able to fill Hazmat Description field): Test Cases/Sprint 7/FCSCMS- 730/FCSCMS-1854-S7 (User should be able to fill Hazmat Description field)

2022-03-30 17:57:52 - [TEST_STEP][PASSED] - setText(findTestObject("Admin/Sprint 7/FCSCMS-730(NEW)/AddNewProduct/HazmatDescription"), "Automation Test Description"): Text 'Automation Test Description' is set on object 'Object Repository/Admin/Sprint 7/FCSCMS-730(NEW)/AddNewProduct/HazmatDescription'

2022-03-30 17:57:52 - [MESSAGE][PASSED] - Text 'Automation Test Description' is set on object 'Object Repository/Admin/Sprint 7/FCSCMS-730(NEW)/AddNewProduct/HazmatDescription'

2022-03-30 17:57:52 - [TEST_STEP][PASSED] - delay(2): Delayed 2 second(s)

2022-03-30 17:57:54 - [MESSAGE][PASSED] - Delayed 2 second(s)]]></system-out>
         <system-err><![CDATA[]]></system-err>
      </testcase>
      <testcase name="Test Cases/Sprint 7/FCSCMS- 730/FCSCMS-1855-S7 (User shoueld be able to click Cancel button)" time="2.956" classname="Test Cases/Sprint 7/FCSCMS- 730/FCSCMS-1855-S7 (User shoueld be able to click Cancel button)" status="PASSED">
         <system-out><![CDATA[2022-03-30 17:57:54 - [TEST_CASE][PASSED] - Test Cases/Sprint 7/FCSCMS- 730/FCSCMS-1855-S7 (User shoueld be able to click Cancel button): Test Cases/Sprint 7/FCSCMS- 730/FCSCMS-1855-S7 (User shoueld be able to click Cancel button)

2022-03-30 17:57:55 - [TEST_STEP][PASSED] - click(findTestObject("Admin/Sprint 7/FCSCMS-730(NEW)/AddNewProduct/button_Cancel")): Object: 'Object Repository/Admin/Sprint 7/FCSCMS-730(NEW)/AddNewProduct/button_Cancel' is clicked on

2022-03-30 17:57:55 - [MESSAGE][PASSED] - Object: 'Object Repository/Admin/Sprint 7/FCSCMS-730(NEW)/AddNewProduct/button_Cancel' is clicked on

2022-03-30 17:57:55 - [TEST_STEP][PASSED] - delay(2): Delayed 2 second(s)

2022-03-30 17:57:57 - [MESSAGE][PASSED] - Delayed 2 second(s)]]></system-out>
         <system-err><![CDATA[]]></system-err>
      </testcase>
      <testcase name="Test Cases/Sprint 7/FCSCMS- 730/FCSCMS-1856-S7 (User should be able to select No on Cancel process)" time="2.932" classname="Test Cases/Sprint 7/FCSCMS- 730/FCSCMS-1856-S7 (User should be able to select No on Cancel process)" status="PASSED">
         <system-out><![CDATA[2022-03-30 17:57:57 - [TEST_CASE][PASSED] - Test Cases/Sprint 7/FCSCMS- 730/FCSCMS-1856-S7 (User should be able to select No on Cancel process): Test Cases/Sprint 7/FCSCMS- 730/FCSCMS-1856-S7 (User should be able to select No on Cancel process)

2022-03-30 17:57:58 - [TEST_STEP][PASSED] - click(findTestObject("Admin/Sprint 7/FCSCMS-730(NEW)/AddNewProduct/button_No(Cancel)")): Object: 'Object Repository/Admin/Sprint 7/FCSCMS-730(NEW)/AddNewProduct/button_No(Cancel)' is clicked on

2022-03-30 17:57:58 - [MESSAGE][PASSED] - Object: 'Object Repository/Admin/Sprint 7/FCSCMS-730(NEW)/AddNewProduct/button_No(Cancel)' is clicked on

2022-03-30 17:57:58 - [TEST_STEP][PASSED] - delay(2): Delayed 2 second(s)

2022-03-30 17:58:00 - [MESSAGE][PASSED] - Delayed 2 second(s)]]></system-out>
         <system-err><![CDATA[]]></system-err>
      </testcase>
      <testcase name="Test Cases/Sprint 7/FCSCMS- 730/FCSCMS-1857-S7 (User should be able to select Yes on Cancel process)" time="3.386" classname="Test Cases/Sprint 7/FCSCMS- 730/FCSCMS-1857-S7 (User should be able to select Yes on Cancel process)" status="PASSED">
         <system-out><![CDATA[2022-03-30 17:58:00 - [TEST_CASE][PASSED] - Test Cases/Sprint 7/FCSCMS- 730/FCSCMS-1857-S7 (User should be able to select Yes on Cancel process): Test Cases/Sprint 7/FCSCMS- 730/FCSCMS-1857-S7 (User should be able to select Yes on Cancel process)

2022-03-30 17:58:01 - [TEST_STEP][PASSED] - click(findTestObject("Admin/Sprint 7/FCSCMS-730(NEW)/AddNewProduct/button_Cancel")): Object: 'Object Repository/Admin/Sprint 7/FCSCMS-730(NEW)/AddNewProduct/button_Cancel' is clicked on

2022-03-30 17:58:01 - [MESSAGE][PASSED] - Object: 'Object Repository/Admin/Sprint 7/FCSCMS-730(NEW)/AddNewProduct/button_Cancel' is clicked on

2022-03-30 17:58:01 - [TEST_STEP][PASSED] - delay(2): Delayed 2 second(s)

2022-03-30 17:58:03 - [MESSAGE][PASSED] - Delayed 2 second(s)

2022-03-30 17:58:03 - [TEST_STEP][PASSED] - click(findTestObject("Admin/Sprint 7/FCSCMS-730(NEW)/AddNewProduct/button_Yes(Cancel)")): Object: 'Object Repository/Admin/Sprint 7/FCSCMS-730(NEW)/AddNewProduct/button_Yes(Cancel)' is clicked on

2022-03-30 17:58:04 - [MESSAGE][PASSED] - Object: 'Object Repository/Admin/Sprint 7/FCSCMS-730(NEW)/AddNewProduct/button_Yes(Cancel)' is clicked on]]></system-out>
         <system-err><![CDATA[]]></system-err>
      </testcase>
      <testcase name="Test Cases/Sprint 7/FCSCMS- 730/FCSCMS-1858-S7 (User should get error notification)" time="8.519" classname="Test Cases/Sprint 7/FCSCMS- 730/FCSCMS-1858-S7 (User should get error notification)" status="PASSED">
         <system-out><![CDATA[2022-03-30 17:58:04 - [TEST_CASE][PASSED] - Test Cases/Sprint 7/FCSCMS- 730/FCSCMS-1858-S7 (User should get error notification): Test Cases/Sprint 7/FCSCMS- 730/FCSCMS-1858-S7 (User should get error notification)

2022-03-30 17:58:05 - [TEST_STEP][PASSED] - click(findTestObject("Admin/Sprint 7/FCSCMS-730(NEW)/AddNewProduct/button_Add New Product")): Object: 'Object Repository/Admin/Sprint 7/FCSCMS-730(NEW)/AddNewProduct/button_Add New Product' is clicked on

2022-03-30 17:58:05 - [MESSAGE][PASSED] - Object: 'Object Repository/Admin/Sprint 7/FCSCMS-730(NEW)/AddNewProduct/button_Add New Product' is clicked on

2022-03-30 17:58:05 - [TEST_STEP][PASSED] - delay(2): Delayed 2 second(s)

2022-03-30 17:58:07 - [MESSAGE][PASSED] - Delayed 2 second(s)

2022-03-30 17:58:07 - [TEST_STEP][PASSED] - click(findTestObject("Admin/Sprint 7/FCSCMS-730(NEW)/AddNewProduct/button_Save")): Object: 'Object Repository/Admin/Sprint 7/FCSCMS-730(NEW)/AddNewProduct/button_Save' is clicked on

2022-03-30 17:58:07 - [MESSAGE][PASSED] - Object: 'Object Repository/Admin/Sprint 7/FCSCMS-730(NEW)/AddNewProduct/button_Save' is clicked on

2022-03-30 17:58:07 - [TEST_STEP][PASSED] - delay(1): Delayed 1 second(s)

2022-03-30 17:58:08 - [MESSAGE][PASSED] - Delayed 1 second(s)

2022-03-30 17:58:08 - [TEST_STEP][PASSED] - verifyElementVisible(findTestObject("Admin/Sprint 7/FCSCMS-730(NEW)/AddNewProduct/NotificationFlag(Error)")): Object 'Object Repository/Admin/Sprint 7/FCSCMS-730(NEW)/AddNewProduct/NotificationFlag(Error)' is visible

2022-03-30 17:58:09 - [MESSAGE][PASSED] - Object 'Object Repository/Admin/Sprint 7/FCSCMS-730(NEW)/AddNewProduct/NotificationFlag(Error)' is visible

2022-03-30 17:58:09 - [TEST_STEP][PASSED] - delay(3): Delayed 3 second(s)

2022-03-30 17:58:12 - [MESSAGE][PASSED] - Delayed 3 second(s)

2022-03-30 17:58:12 - [TEST_STEP][PASSED] - click(findTestObject("Admin/Sprint 7/FCSCMS-730(NEW)/AddNewProduct/Close(x)AddNewProduct")): Object: 'Object Repository/Admin/Sprint 7/FCSCMS-730(NEW)/AddNewProduct/Close(x)AddNewProduct' is clicked on

2022-03-30 17:58:12 - [MESSAGE][PASSED] - Object: 'Object Repository/Admin/Sprint 7/FCSCMS-730(NEW)/AddNewProduct/Close(x)AddNewProduct' is clicked on]]></system-out>
         <system-err><![CDATA[]]></system-err>
      </testcase>
      <testcase name="Test Cases/Sprint 7/FCSCMS- 730/FCSCMS-1859-S7 (User should be able to click Save button)" time="19.86" classname="Test Cases/Sprint 7/FCSCMS- 730/FCSCMS-1859-S7 (User should be able to click Save button)" status="PASSED">
         <system-out><![CDATA[2022-03-30 17:58:12 - [TEST_CASE][PASSED] - Test Cases/Sprint 7/FCSCMS- 730/FCSCMS-1859-S7 (User should be able to click Save button): Test Cases/Sprint 7/FCSCMS- 730/FCSCMS-1859-S7 (User should be able to click Save button)

2022-03-30 17:58:13 - [TEST_STEP][PASSED] - click(findTestObject("Admin/Sprint 7/FCSCMS-730(NEW)/AddNewProduct/button_Add New Product")): Object: 'Object Repository/Admin/Sprint 7/FCSCMS-730(NEW)/AddNewProduct/button_Add New Product' is clicked on

2022-03-30 17:58:13 - [MESSAGE][PASSED] - Object: 'Object Repository/Admin/Sprint 7/FCSCMS-730(NEW)/AddNewProduct/button_Add New Product' is clicked on

2022-03-30 17:58:13 - [TEST_STEP][PASSED] - delay(2): Delayed 2 second(s)

2022-03-30 17:58:15 - [MESSAGE][PASSED] - Delayed 2 second(s)

2022-03-30 17:58:15 - [TEST_STEP][PASSED] - setText(findTestObject("Admin/Sprint 7/FCSCMS-730(NEW)/AddNewProduct/ProductDescription"), "AT Test Description"): Text 'AT Test Description' is set on object 'Object Repository/Admin/Sprint 7/FCSCMS-730(NEW)/AddNewProduct/ProductDescription'

2022-03-30 17:58:16 - [MESSAGE][PASSED] - Text 'AT Test Description' is set on object 'Object Repository/Admin/Sprint 7/FCSCMS-730(NEW)/AddNewProduct/ProductDescription'

2022-03-30 17:58:16 - [TEST_STEP][PASSED] - delay(2): Delayed 2 second(s)

2022-03-30 17:58:18 - [MESSAGE][PASSED] - Delayed 2 second(s)

2022-03-30 17:58:18 - [TEST_STEP][PASSED] - setText(findTestObject("Admin/Sprint 7/FCSCMS-730(NEW)/AddNewProduct/ProductCode"), "AT Test Code"): Text 'AT Test Code' is set on object 'Object Repository/Admin/Sprint 7/FCSCMS-730(NEW)/AddNewProduct/ProductCode'

2022-03-30 17:58:19 - [MESSAGE][PASSED] - Text 'AT Test Code' is set on object 'Object Repository/Admin/Sprint 7/FCSCMS-730(NEW)/AddNewProduct/ProductCode'

2022-03-30 17:58:19 - [TEST_STEP][PASSED] - delay(2): Delayed 2 second(s)

2022-03-30 17:58:21 - [MESSAGE][PASSED] - Delayed 2 second(s)

2022-03-30 17:58:21 - [TEST_STEP][PASSED] - setText(findTestObject("Admin/Sprint 7/FCSCMS-730(NEW)/AddNewProduct/ProductClass"), "AT Test Class"): Text 'AT Test Class' is set on object 'Object Repository/Admin/Sprint 7/FCSCMS-730(NEW)/AddNewProduct/ProductClass'

2022-03-30 17:58:22 - [MESSAGE][PASSED] - Text 'AT Test Class' is set on object 'Object Repository/Admin/Sprint 7/FCSCMS-730(NEW)/AddNewProduct/ProductClass'

2022-03-30 17:58:22 - [TEST_STEP][PASSED] - delay(1): Delayed 1 second(s)

2022-03-30 17:58:23 - [MESSAGE][PASSED] - Delayed 1 second(s)

2022-03-30 17:58:23 - [TEST_STEP][PASSED] - setText(findTestObject("Admin/Sprint 7/FCSCMS-730(NEW)/AddNewProduct/Input_NMFC"), "1234"): Text '1234' is set on object 'Object Repository/Admin/Sprint 7/FCSCMS-730(NEW)/AddNewProduct/Input_NMFC'

2022-03-30 17:58:24 - [MESSAGE][PASSED] - Text '1234' is set on object 'Object Repository/Admin/Sprint 7/FCSCMS-730(NEW)/AddNewProduct/Input_NMFC'

2022-03-30 17:58:24 - [TEST_STEP][PASSED] - delay(1): Delayed 1 second(s)

2022-03-30 17:58:25 - [MESSAGE][PASSED] - Delayed 1 second(s)

2022-03-30 17:58:25 - [TEST_STEP][PASSED] - click(findTestObject("Admin/Sprint 7/FCSCMS-730(NEW)/AddNewProduct/Hazmat_YES")): Object: 'Object Repository/Admin/Sprint 7/FCSCMS-730(NEW)/AddNewProduct/Hazmat_YES' is clicked on

2022-03-30 17:58:25 - [MESSAGE][PASSED] - Object: 'Object Repository/Admin/Sprint 7/FCSCMS-730(NEW)/AddNewProduct/Hazmat_YES' is clicked on

2022-03-30 17:58:25 - [TEST_STEP][PASSED] - delay(1): Delayed 1 second(s)

2022-03-30 17:58:26 - [MESSAGE][PASSED] - Delayed 1 second(s)

2022-03-30 17:58:26 - [TEST_STEP][PASSED] - setText(findTestObject("Admin/Sprint 7/FCSCMS-730(NEW)/AddNewProduct/input_UN  NA Number"), "1324"): Text '1324' is set on object 'Object Repository/Admin/Sprint 7/FCSCMS-730(NEW)/AddNewProduct/input_UN  NA Number'

2022-03-30 17:58:27 - [MESSAGE][PASSED] - Text '1324' is set on object 'Object Repository/Admin/Sprint 7/FCSCMS-730(NEW)/AddNewProduct/input_UN  NA Number'

2022-03-30 17:58:27 - [TEST_STEP][PASSED] - delay(1): Delayed 1 second(s)

2022-03-30 17:58:28 - [MESSAGE][PASSED] - Delayed 1 second(s)

2022-03-30 17:58:28 - [TEST_STEP][PASSED] - setText(findTestObject("Admin/Sprint 7/FCSCMS-730(NEW)/AddNewProduct/HazmatDescription"), "Automation Test Description"): Text 'Automation Test Description' is set on object 'Object Repository/Admin/Sprint 7/FCSCMS-730(NEW)/AddNewProduct/HazmatDescription'

2022-03-30 17:58:29 - [MESSAGE][PASSED] - Text 'Automation Test Description' is set on object 'Object Repository/Admin/Sprint 7/FCSCMS-730(NEW)/AddNewProduct/HazmatDescription'

2022-03-30 17:58:29 - [TEST_STEP][PASSED] - delay(2): Delayed 2 second(s)

2022-03-30 17:58:31 - [MESSAGE][PASSED] - Delayed 2 second(s)

2022-03-30 17:58:31 - [TEST_STEP][PASSED] - click(findTestObject("Admin/Sprint 7/FCSCMS-730(NEW)/AddNewProduct/button_Save")): Object: 'Object Repository/Admin/Sprint 7/FCSCMS-730(NEW)/AddNewProduct/button_Save' is clicked on

2022-03-30 17:58:31 - [MESSAGE][PASSED] - Object: 'Object Repository/Admin/Sprint 7/FCSCMS-730(NEW)/AddNewProduct/button_Save' is clicked on

2022-03-30 17:58:31 - [TEST_STEP][PASSED] - delay(1): Delayed 1 second(s)

2022-03-30 17:58:32 - [MESSAGE][PASSED] - Delayed 1 second(s)]]></system-out>
         <system-err><![CDATA[]]></system-err>
      </testcase>
      <testcase name="Test Cases/Sprint 7/FCSCMS- 730/FCSCMS-1860-S7 (User should be able to select No on Save option)" time="2.917" classname="Test Cases/Sprint 7/FCSCMS- 730/FCSCMS-1860-S7 (User should be able to select No on Save option)" status="PASSED">
         <system-out><![CDATA[2022-03-30 17:58:32 - [TEST_CASE][PASSED] - Test Cases/Sprint 7/FCSCMS- 730/FCSCMS-1860-S7 (User should be able to select No on Save option): Test Cases/Sprint 7/FCSCMS- 730/FCSCMS-1860-S7 (User should be able to select No on Save option)

2022-03-30 17:58:33 - [TEST_STEP][PASSED] - click(findTestObject("Admin/Sprint 7/FCSCMS-730(NEW)/AddNewProduct/button_No(Save)")): Object: 'Object Repository/Admin/Sprint 7/FCSCMS-730(NEW)/AddNewProduct/button_No(Save)' is clicked on

2022-03-30 17:58:33 - [MESSAGE][PASSED] - Object: 'Object Repository/Admin/Sprint 7/FCSCMS-730(NEW)/AddNewProduct/button_No(Save)' is clicked on

2022-03-30 17:58:33 - [TEST_STEP][PASSED] - delay(2): Delayed 2 second(s)

2022-03-30 17:58:35 - [MESSAGE][PASSED] - Delayed 2 second(s)]]></system-out>
         <system-err><![CDATA[]]></system-err>
      </testcase>
      <testcase name="Test Cases/Sprint 7/FCSCMS- 730/FCSCMS-1861-S7 (User should be able to select Yes on Save option)" time="21.861" classname="Test Cases/Sprint 7/FCSCMS- 730/FCSCMS-1861-S7 (User should be able to select Yes on Save option)" status="PASSED">
         <system-out><![CDATA[2022-03-30 17:58:35 - [TEST_CASE][PASSED] - Test Cases/Sprint 7/FCSCMS- 730/FCSCMS-1861-S7 (User should be able to select Yes on Save option): Test Cases/Sprint 7/FCSCMS- 730/FCSCMS-1861-S7 (User should be able to select Yes on Save option)

2022-03-30 17:58:36 - [TEST_STEP][PASSED] - click(findTestObject("Admin/Sprint 7/FCSCMS-730(NEW)/AddNewProduct/button_Add New Product")): Object: 'Object Repository/Admin/Sprint 7/FCSCMS-730(NEW)/AddNewProduct/button_Add New Product' is clicked on

2022-03-30 17:58:36 - [MESSAGE][PASSED] - Object: 'Object Repository/Admin/Sprint 7/FCSCMS-730(NEW)/AddNewProduct/button_Add New Product' is clicked on

2022-03-30 17:58:36 - [TEST_STEP][PASSED] - delay(2): Delayed 2 second(s)

2022-03-30 17:58:38 - [MESSAGE][PASSED] - Delayed 2 second(s)

2022-03-30 17:58:38 - [TEST_STEP][PASSED] - setText(findTestObject("Admin/Sprint 7/FCSCMS-730(NEW)/AddNewProduct/ProductDescription"), "AT Test Description"): Text 'AT Test Description' is set on object 'Object Repository/Admin/Sprint 7/FCSCMS-730(NEW)/AddNewProduct/ProductDescription'

2022-03-30 17:58:39 - [MESSAGE][PASSED] - Text 'AT Test Description' is set on object 'Object Repository/Admin/Sprint 7/FCSCMS-730(NEW)/AddNewProduct/ProductDescription'

2022-03-30 17:58:39 - [TEST_STEP][PASSED] - delay(2): Delayed 2 second(s)

2022-03-30 17:58:41 - [MESSAGE][PASSED] - Delayed 2 second(s)

2022-03-30 17:58:41 - [TEST_STEP][PASSED] - setText(findTestObject("Admin/Sprint 7/FCSCMS-730(NEW)/AddNewProduct/ProductCode"), "AT Test Code"): Text 'AT Test Code' is set on object 'Object Repository/Admin/Sprint 7/FCSCMS-730(NEW)/AddNewProduct/ProductCode'

2022-03-30 17:58:42 - [MESSAGE][PASSED] - Text 'AT Test Code' is set on object 'Object Repository/Admin/Sprint 7/FCSCMS-730(NEW)/AddNewProduct/ProductCode'

2022-03-30 17:58:42 - [TEST_STEP][PASSED] - delay(2): Delayed 2 second(s)

2022-03-30 17:58:44 - [MESSAGE][PASSED] - Delayed 2 second(s)

2022-03-30 17:58:44 - [TEST_STEP][PASSED] - setText(findTestObject("Admin/Sprint 7/FCSCMS-730(NEW)/AddNewProduct/ProductClass"), "AT Test Class"): Text 'AT Test Class' is set on object 'Object Repository/Admin/Sprint 7/FCSCMS-730(NEW)/AddNewProduct/ProductClass'

2022-03-30 17:58:44 - [MESSAGE][PASSED] - Text 'AT Test Class' is set on object 'Object Repository/Admin/Sprint 7/FCSCMS-730(NEW)/AddNewProduct/ProductClass'

2022-03-30 17:58:44 - [TEST_STEP][PASSED] - delay(1): Delayed 1 second(s)

2022-03-30 17:58:45 - [MESSAGE][PASSED] - Delayed 1 second(s)

2022-03-30 17:58:45 - [TEST_STEP][PASSED] - setText(findTestObject("Admin/Sprint 7/FCSCMS-730(NEW)/AddNewProduct/Input_NMFC"), "1234"): Text '1234' is set on object 'Object Repository/Admin/Sprint 7/FCSCMS-730(NEW)/AddNewProduct/Input_NMFC'

2022-03-30 17:58:46 - [MESSAGE][PASSED] - Text '1234' is set on object 'Object Repository/Admin/Sprint 7/FCSCMS-730(NEW)/AddNewProduct/Input_NMFC'

2022-03-30 17:58:46 - [TEST_STEP][PASSED] - delay(1): Delayed 1 second(s)

2022-03-30 17:58:47 - [MESSAGE][PASSED] - Delayed 1 second(s)

2022-03-30 17:58:47 - [TEST_STEP][PASSED] - click(findTestObject("Admin/Sprint 7/FCSCMS-730(NEW)/AddNewProduct/Hazmat_YES")): Object: 'Object Repository/Admin/Sprint 7/FCSCMS-730(NEW)/AddNewProduct/Hazmat_YES' is clicked on

2022-03-30 17:58:48 - [MESSAGE][PASSED] - Object: 'Object Repository/Admin/Sprint 7/FCSCMS-730(NEW)/AddNewProduct/Hazmat_YES' is clicked on

2022-03-30 17:58:48 - [TEST_STEP][PASSED] - delay(1): Delayed 1 second(s)

2022-03-30 17:58:49 - [MESSAGE][PASSED] - Delayed 1 second(s)

2022-03-30 17:58:49 - [TEST_STEP][PASSED] - setText(findTestObject("Admin/Sprint 7/FCSCMS-730(NEW)/AddNewProduct/input_UN  NA Number"), "1324"): Text '1324' is set on object 'Object Repository/Admin/Sprint 7/FCSCMS-730(NEW)/AddNewProduct/input_UN  NA Number'

2022-03-30 17:58:49 - [MESSAGE][PASSED] - Text '1324' is set on object 'Object Repository/Admin/Sprint 7/FCSCMS-730(NEW)/AddNewProduct/input_UN  NA Number'

2022-03-30 17:58:49 - [TEST_STEP][PASSED] - delay(1): Delayed 1 second(s)

2022-03-30 17:58:50 - [MESSAGE][PASSED] - Delayed 1 second(s)

2022-03-30 17:58:50 - [TEST_STEP][PASSED] - setText(findTestObject("Admin/Sprint 7/FCSCMS-730(NEW)/AddNewProduct/HazmatDescription"), "Automation Test Description"): Text 'Automation Test Description' is set on object 'Object Repository/Admin/Sprint 7/FCSCMS-730(NEW)/AddNewProduct/HazmatDescription'

2022-03-30 17:58:51 - [MESSAGE][PASSED] - Text 'Automation Test Description' is set on object 'Object Repository/Admin/Sprint 7/FCSCMS-730(NEW)/AddNewProduct/HazmatDescription'

2022-03-30 17:58:51 - [TEST_STEP][PASSED] - delay(2): Delayed 2 second(s)

2022-03-30 17:58:53 - [MESSAGE][PASSED] - Delayed 2 second(s)

2022-03-30 17:58:53 - [TEST_STEP][PASSED] - click(findTestObject("Admin/Sprint 7/FCSCMS-730(NEW)/AddNewProduct/button_Save")): Object: 'Object Repository/Admin/Sprint 7/FCSCMS-730(NEW)/AddNewProduct/button_Save' is clicked on

2022-03-30 17:58:54 - [MESSAGE][PASSED] - Object: 'Object Repository/Admin/Sprint 7/FCSCMS-730(NEW)/AddNewProduct/button_Save' is clicked on

2022-03-30 17:58:54 - [TEST_STEP][PASSED] - delay(2): Delayed 2 second(s)

2022-03-30 17:58:56 - [MESSAGE][PASSED] - Delayed 2 second(s)

2022-03-30 17:58:56 - [TEST_STEP][PASSED] - click(findTestObject("Admin/Sprint 7/FCSCMS-730(NEW)/AddNewProduct/button_Yes(Save)")): Object: 'Object Repository/Admin/Sprint 7/FCSCMS-730(NEW)/AddNewProduct/button_Yes(Save)' is clicked on

2022-03-30 17:58:56 - [MESSAGE][PASSED] - Object: 'Object Repository/Admin/Sprint 7/FCSCMS-730(NEW)/AddNewProduct/button_Yes(Save)' is clicked on

2022-03-30 17:58:56 - [TEST_STEP][PASSED] - delay(1): Delayed 1 second(s)

2022-03-30 17:58:57 - [MESSAGE][PASSED] - Delayed 1 second(s)]]></system-out>
         <system-err><![CDATA[]]></system-err>
      </testcase>
      <system-out><![CDATA[2022-03-30 17:56:34 - [TEST_SUITE][PASSED] - FCSCMS-730 (Product Catalog Management - Add New Product): Test Cases/Sprint 7/FCSCMS- 730/FCSCMS-1861-S7 (User should be able to select Yes on Save option)]]></system-out>
      <system-err><![CDATA[]]></system-err>
   </testsuite>
</testsuites>
