<?xml version="1.0" encoding="UTF-8"?>
<testsuites name="FCSCMS-729 (Product Catalog Management- Product Catalog - Listing)" time="90.073" tests="10" failures="0" errors="0">
   <testsuite name="FCSCMS-729 (Product Catalog Management- Product Catalog - Listing)" tests="10" failures="0" errors="0" time="90.073" skipped="0" timestamp="2022-03-30 17:54:20" hostname="me - DESKTOP-S7SF50D" id="Test Suites/Sprint 7/FCSCMS-729 (Product Catalog Management- Product Catalog - Listing)">
      <properties>
         <property name="deviceName" value=""/>
         <property name="devicePlatform" value=""/>
         <property name="logFolder" value="C:\\Users\\me\\git\\nexterous-automation\\Reports\\20220330_175404\\Sprint 7\\FCSCMS-729 (Product Catalog Management- Product Catalog - Listing)\\20220330_175404"/>
         <property name="logFiles" value="C:\\Users\\me\\git\\nexterous-automation\\Reports\\20220330_175404\\Sprint 7\\FCSCMS-729 (Product Catalog Management- Product Catalog - Listing)\\20220330_175404\\execution0.log"/>
         <property name="attachments" value=""/>
         <property name="hostName" value="me - DESKTOP-S7SF50D"/>
         <property name="os" value="Windows 10 64bit"/>
         <property name="katalonVersion" value="8.2.5.208"/>
         <property name="browser" value="Chrome 99.0.4844.84"/>
         <property name="hostAddress" value="192.168.100.8"/>
         <property name="sessionId" value="211774df54ef1cc6e7139252e7c12624"/>
         <property name="seleniumVersion" value="3.141.59"/>
         <property name="proxyInformation" value="ProxyInformation { proxyOption=NO_PROXY, proxyServerType=HTTP, username=, password=********, proxyServerAddress=, proxyServerPort=0, executionList=&quot;&quot;, isApplyToDesiredCapabilities=true }"/>
         <property name="platform" value="Windows 10"/>
      </properties>
      <testcase name="Test Cases/Sprint 7/FCSCMS- 729/FCSCMS-1803-S7 (User should be able to Log in using Admin-Valid credentials)" time="17.012" classname="Test Cases/Sprint 7/FCSCMS- 729/FCSCMS-1803-S7 (User should be able to Log in using Admin-Valid credentials)" status="PASSED">
         <system-out><![CDATA[2022-03-30 17:54:20 - [TEST_CASE][PASSED] - Test Cases/Sprint 7/FCSCMS- 729/FCSCMS-1803-S7 (User should be able to Log in using Admin-Valid credentials): Test Cases/Sprint 7/FCSCMS- 729/FCSCMS-1803-S7 (User should be able to Log in using Admin-Valid credentials)

2022-03-30 17:54:21 - [TEST_STEP][PASSED] - openBrowser(""): Browser is opened with url: ''

2022-03-30 17:54:22 - [MESSAGE][INFO] - Starting 'Chrome' driver

2022-03-30 17:54:22 - [MESSAGE][INFO] - Action delay is set to 0 milliseconds

2022-03-30 17:54:26 - [MESSAGE][PASSED] - Browser is opened with url: ''

2022-03-30 17:54:26 - [TEST_STEP][PASSED] - navigateToUrl("https://nexterus-tst.outsystemsenterprise.com/FusionCenter/Login"): Navigate to 'https://nexterus-tst.outsystemsenterprise.com/FusionCenter/Login' successfully

2022-03-30 17:54:29 - [MESSAGE][PASSED] - Navigate to 'https://nexterus-tst.outsystemsenterprise.com/FusionCenter/Login' successfully

2022-03-30 17:54:29 - [TEST_STEP][PASSED] - maximizeWindow(): Current window maximized

2022-03-30 17:54:29 - [MESSAGE][PASSED] - Current window maximized

2022-03-30 17:54:29 - [TEST_STEP][PASSED] - delay(3): Delayed 3 second(s)

2022-03-30 17:54:33 - [MESSAGE][PASSED] - Delayed 3 second(s)

2022-03-30 17:54:33 - [TEST_STEP][PASSED] - setText(findTestObject("Login/Username_Field"), "admin"): Text 'admin' is set on object 'Object Repository/Login/Username_Field'

2022-03-30 17:54:34 - [MESSAGE][PASSED] - Text 'admin' is set on object 'Object Repository/Login/Username_Field'

2022-03-30 17:54:34 - [TEST_STEP][PASSED] - delay(1): Delayed 1 second(s)

2022-03-30 17:54:35 - [MESSAGE][PASSED] - Delayed 1 second(s)

2022-03-30 17:54:35 - [TEST_STEP][PASSED] - setText(findTestObject("Login/Password_Field"), "admin"): Text 'admin' is set on object 'Object Repository/Login/Password_Field'

2022-03-30 17:54:36 - [MESSAGE][PASSED] - Text 'admin' is set on object 'Object Repository/Login/Password_Field'

2022-03-30 17:54:36 - [TEST_STEP][PASSED] - delay(1): Delayed 1 second(s)

2022-03-30 17:54:37 - [MESSAGE][PASSED] - Delayed 1 second(s)

2022-03-30 17:54:37 - [TEST_STEP][PASSED] - click(findTestObject("Login/BTN_Login")): Object: 'Object Repository/Login/BTN_Login' is clicked on

2022-03-30 17:54:37 - [MESSAGE][PASSED] - Object: 'Object Repository/Login/BTN_Login' is clicked on]]></system-out>
         <system-err><![CDATA[]]></system-err>
      </testcase>
      <testcase name="Test Cases/Sprint 7/FCSCMS- 729/FCSCMS-1804-S7 (Click Product Catalog)" time="38.485" classname="Test Cases/Sprint 7/FCSCMS- 729/FCSCMS-1804-S7 (Click Product Catalog)" status="PASSED">
         <system-out><![CDATA[2022-03-30 17:54:37 - [TEST_CASE][PASSED] - Test Cases/Sprint 7/FCSCMS- 729/FCSCMS-1804-S7 (Click Product Catalog): Test Cases/Sprint 7/FCSCMS- 729/FCSCMS-1804-S7 (Click Product Catalog)

2022-03-30 17:54:38 - [TEST_STEP][PASSED] - click(findTestObject("Admin/Sprint 7/FCSCMS-729/a_Product Catalog")): Object: 'Object Repository/Admin/Sprint 7/FCSCMS-729/a_Product Catalog' is clicked on

2022-03-30 17:55:14 - [MESSAGE][PASSED] - Object: 'Object Repository/Admin/Sprint 7/FCSCMS-729/a_Product Catalog' is clicked on

2022-03-30 17:55:14 - [TEST_STEP][PASSED] - delay(2): Delayed 2 second(s)

2022-03-30 17:55:16 - [MESSAGE][PASSED] - Delayed 2 second(s)]]></system-out>
         <system-err><![CDATA[]]></system-err>
      </testcase>
      <testcase name="Test Cases/Sprint 7/FCSCMS- 729/FCSCMS-1805-S7 (User should be able to see complete information of Product catalog)" time="2.559" classname="Test Cases/Sprint 7/FCSCMS- 729/FCSCMS-1805-S7 (User should be able to see complete information of Product catalog)" status="PASSED">
         <system-out><![CDATA[2022-03-30 17:55:16 - [TEST_CASE][PASSED] - Test Cases/Sprint 7/FCSCMS- 729/FCSCMS-1805-S7 (User should be able to see complete information of Product catalog): Test Cases/Sprint 7/FCSCMS- 729/FCSCMS-1805-S7 (User should be able to see complete information of Product catalog)

2022-03-30 17:55:16 - [TEST_STEP][PASSED] - delay(2): Delayed 2 second(s)

2022-03-30 17:55:18 - [MESSAGE][PASSED] - Delayed 2 second(s)]]></system-out>
         <system-err><![CDATA[]]></system-err>
      </testcase>
      <testcase name="Test Cases/Sprint 7/FCSCMS- 729/FCSCMS-1806-S7 (User should be able to click View-Edit Product information)" time="6.9" classname="Test Cases/Sprint 7/FCSCMS- 729/FCSCMS-1806-S7 (User should be able to click View-Edit Product information)" status="PASSED">
         <system-out><![CDATA[2022-03-30 17:55:18 - [TEST_CASE][PASSED] - Test Cases/Sprint 7/FCSCMS- 729/FCSCMS-1806-S7 (User should be able to click View-Edit Product information): Test Cases/Sprint 7/FCSCMS- 729/FCSCMS-1806-S7 (User should be able to click View-Edit Product information)

2022-03-30 17:55:19 - [TEST_STEP][PASSED] - refresh(): Refresh successfully

2022-03-30 17:55:19 - [MESSAGE][PASSED] - Refresh successfully

2022-03-30 17:55:19 - [TEST_STEP][PASSED] - click(findTestObject("Admin/Sprint 7/FCSCMS-729/Edit Product/Product 1_Edit")): Object: 'Object Repository/Admin/Sprint 7/FCSCMS-729/Edit Product/Product 1_Edit' is clicked on

2022-03-30 17:55:22 - [MESSAGE][PASSED] - Object: 'Object Repository/Admin/Sprint 7/FCSCMS-729/Edit Product/Product 1_Edit' is clicked on

2022-03-30 17:55:22 - [TEST_STEP][PASSED] - delay(1): Delayed 1 second(s)

2022-03-30 17:55:23 - [MESSAGE][PASSED] - Delayed 1 second(s)

2022-03-30 17:55:23 - [TEST_STEP][PASSED] - click(findTestObject("Admin/Sprint 7/FCSCMS-729/Edit Product/Close(x)_Edit")): Object: 'Object Repository/Admin/Sprint 7/FCSCMS-729/Edit Product/Close(x)_Edit' is clicked on

2022-03-30 17:55:23 - [MESSAGE][PASSED] - Object: 'Object Repository/Admin/Sprint 7/FCSCMS-729/Edit Product/Close(x)_Edit' is clicked on

2022-03-30 17:55:23 - [TEST_STEP][PASSED] - delay(2): Delayed 2 second(s)

2022-03-30 17:55:25 - [MESSAGE][PASSED] - Delayed 2 second(s)]]></system-out>
         <system-err><![CDATA[]]></system-err>
      </testcase>
      <testcase name="Test Cases/Sprint 7/FCSCMS- 729/FCSCMS-1807-S7 (User should be able to user pagination widget arrow)" time="3.417" classname="Test Cases/Sprint 7/FCSCMS- 729/FCSCMS-1807-S7 (User should be able to user pagination widget arrow)" status="PASSED">
         <system-out><![CDATA[2022-03-30 17:55:25 - [TEST_CASE][PASSED] - Test Cases/Sprint 7/FCSCMS- 729/FCSCMS-1807-S7 (User should be able to user pagination widget arrow): Test Cases/Sprint 7/FCSCMS- 729/FCSCMS-1807-S7 (User should be able to user pagination widget arrow)

2022-03-30 17:55:26 - [TEST_STEP][PASSED] - click(findTestObject("Admin/Sprint 7/FCSCMS-729/Pagination/pagination-Next")): Object: 'Object Repository/Admin/Sprint 7/FCSCMS-729/Pagination/pagination-Next' is clicked on

2022-03-30 17:55:26 - [MESSAGE][PASSED] - Object: 'Object Repository/Admin/Sprint 7/FCSCMS-729/Pagination/pagination-Next' is clicked on

2022-03-30 17:55:26 - [TEST_STEP][PASSED] - delay(1): Delayed 1 second(s)

2022-03-30 17:55:27 - [MESSAGE][PASSED] - Delayed 1 second(s)

2022-03-30 17:55:27 - [TEST_STEP][PASSED] - click(findTestObject("Admin/Sprint 7/FCSCMS-729/Pagination/pagination-Previous")): Object: 'Object Repository/Admin/Sprint 7/FCSCMS-729/Pagination/pagination-Previous' is clicked on

2022-03-30 17:55:28 - [MESSAGE][PASSED] - Object: 'Object Repository/Admin/Sprint 7/FCSCMS-729/Pagination/pagination-Previous' is clicked on

2022-03-30 17:55:28 - [TEST_STEP][PASSED] - delay(1): Delayed 1 second(s)

2022-03-30 17:55:29 - [MESSAGE][PASSED] - Delayed 1 second(s)]]></system-out>
         <system-err><![CDATA[]]></system-err>
      </testcase>
      <testcase name="Test Cases/Sprint 7/FCSCMS- 729/FCSCMS-1808-S7 (User should be able to user pagination widget number)" time="4.425" classname="Test Cases/Sprint 7/FCSCMS- 729/FCSCMS-1808-S7 (User should be able to user pagination widget number)" status="PASSED">
         <system-out><![CDATA[2022-03-30 17:55:29 - [TEST_CASE][PASSED] - Test Cases/Sprint 7/FCSCMS- 729/FCSCMS-1808-S7 (User should be able to user pagination widget number): Test Cases/Sprint 7/FCSCMS- 729/FCSCMS-1808-S7 (User should be able to user pagination widget number)

2022-03-30 17:55:29 - [TEST_STEP][PASSED] - click(findTestObject("Admin/Sprint 7/FCSCMS-729/Pagination/button_2(Pagination)")): Object: 'Object Repository/Admin/Sprint 7/FCSCMS-729/Pagination/button_2(Pagination)' is clicked on

2022-03-30 17:55:30 - [MESSAGE][PASSED] - Object: 'Object Repository/Admin/Sprint 7/FCSCMS-729/Pagination/button_2(Pagination)' is clicked on

2022-03-30 17:55:30 - [TEST_STEP][PASSED] - delay(2): Delayed 2 second(s)

2022-03-30 17:55:32 - [MESSAGE][PASSED] - Delayed 2 second(s)

2022-03-30 17:55:32 - [TEST_STEP][PASSED] - click(findTestObject("Admin/Sprint 7/FCSCMS-729/Pagination/button_1(Pagination)")): Object: 'Object Repository/Admin/Sprint 7/FCSCMS-729/Pagination/button_1(Pagination)' is clicked on

2022-03-30 17:55:32 - [MESSAGE][PASSED] - Object: 'Object Repository/Admin/Sprint 7/FCSCMS-729/Pagination/button_1(Pagination)' is clicked on

2022-03-30 17:55:32 - [TEST_STEP][PASSED] - delay(1): Delayed 1 second(s)

2022-03-30 17:55:33 - [MESSAGE][PASSED] - Delayed 1 second(s)]]></system-out>
         <system-err><![CDATA[]]></system-err>
      </testcase>
      <testcase name="Test Cases/Sprint 7/FCSCMS- 729/FCSCMS-1809-S7 (User should be eble to click Export button)" time="2.942" classname="Test Cases/Sprint 7/FCSCMS- 729/FCSCMS-1809-S7 (User should be eble to click Export button)" status="PASSED">
         <system-out><![CDATA[2022-03-30 17:55:33 - [TEST_CASE][PASSED] - Test Cases/Sprint 7/FCSCMS- 729/FCSCMS-1809-S7 (User should be eble to click Export button): Test Cases/Sprint 7/FCSCMS- 729/FCSCMS-1809-S7 (User should be eble to click Export button)

2022-03-30 17:55:34 - [TEST_STEP][PASSED] - click(findTestObject("Admin/Sprint 7/FCSCMS-729/Export(button)")): Object: 'Object Repository/Admin/Sprint 7/FCSCMS-729/Export(button)' is clicked on

2022-03-30 17:55:34 - [MESSAGE][PASSED] - Object: 'Object Repository/Admin/Sprint 7/FCSCMS-729/Export(button)' is clicked on

2022-03-30 17:55:34 - [TEST_STEP][PASSED] - delay(2): Delayed 2 second(s)

2022-03-30 17:55:36 - [MESSAGE][PASSED] - Delayed 2 second(s)]]></system-out>
         <system-err><![CDATA[]]></system-err>
      </testcase>
      <testcase name="Test Cases/Sprint 7/FCSCMS- 729/FCSCMS-1810-S7 (User should be able to fill File name field)" time="3.295" classname="Test Cases/Sprint 7/FCSCMS- 729/FCSCMS-1810-S7 (User should be able to fill File name field)" status="PASSED">
         <system-out><![CDATA[2022-03-30 17:55:36 - [TEST_CASE][PASSED] - Test Cases/Sprint 7/FCSCMS- 729/FCSCMS-1810-S7 (User should be able to fill File name field): Test Cases/Sprint 7/FCSCMS- 729/FCSCMS-1810-S7 (User should be able to fill File name field)

2022-03-30 17:55:36 - [TEST_STEP][PASSED] - setText(findTestObject("Admin/Sprint 7/FCSCMS-729/Export/FileName(Export)"), "Test Export"): Text 'Test Export' is set on object 'Object Repository/Admin/Sprint 7/FCSCMS-729/Export/FileName(Export)'

2022-03-30 17:55:37 - [MESSAGE][PASSED] - Text 'Test Export' is set on object 'Object Repository/Admin/Sprint 7/FCSCMS-729/Export/FileName(Export)'

2022-03-30 17:55:37 - [TEST_STEP][PASSED] - delay(2): Delayed 2 second(s)

2022-03-30 17:55:39 - [MESSAGE][PASSED] - Delayed 2 second(s)]]></system-out>
         <system-err><![CDATA[]]></system-err>
      </testcase>
      <testcase name="Test Cases/Sprint 7/FCSCMS- 729/FCSCMS-1811-S7 (User should be able to Select Cancel on export process)" time="3.078" classname="Test Cases/Sprint 7/FCSCMS- 729/FCSCMS-1811-S7 (User should be able to Select Cancel on export process)" status="PASSED">
         <system-out><![CDATA[2022-03-30 17:55:39 - [TEST_CASE][PASSED] - Test Cases/Sprint 7/FCSCMS- 729/FCSCMS-1811-S7 (User should be able to Select Cancel on export process): Test Cases/Sprint 7/FCSCMS- 729/FCSCMS-1811-S7 (User should be able to Select Cancel on export process)

2022-03-30 17:55:40 - [TEST_STEP][PASSED] - click(findTestObject("Admin/Sprint 7/FCSCMS-729/Export/button_Cancel")): Object: 'Object Repository/Admin/Sprint 7/FCSCMS-729/Export/button_Cancel' is clicked on

2022-03-30 17:55:40 - [MESSAGE][PASSED] - Object: 'Object Repository/Admin/Sprint 7/FCSCMS-729/Export/button_Cancel' is clicked on

2022-03-30 17:55:40 - [TEST_STEP][PASSED] - delay(2): Delayed 2 second(s)

2022-03-30 17:55:42 - [MESSAGE][PASSED] - Delayed 2 second(s)]]></system-out>
         <system-err><![CDATA[]]></system-err>
      </testcase>
      <testcase name="Test Cases/Sprint 7/FCSCMS- 729/FCSCMS-1812-S7 (User should be able to export product file upon clicking yes button)" time="7.204" classname="Test Cases/Sprint 7/FCSCMS- 729/FCSCMS-1812-S7 (User should be able to export product file upon clicking yes button)" status="PASSED">
         <system-out><![CDATA[2022-03-30 17:55:42 - [TEST_CASE][PASSED] - Test Cases/Sprint 7/FCSCMS- 729/FCSCMS-1812-S7 (User should be able to export product file upon clicking yes button): Test Cases/Sprint 7/FCSCMS- 729/FCSCMS-1812-S7 (User should be able to export product file upon clicking yes button)

2022-03-30 17:55:43 - [TEST_STEP][PASSED] - click(findTestObject("Admin/Sprint 7/FCSCMS-729/Export(button)")): Object: 'Object Repository/Admin/Sprint 7/FCSCMS-729/Export(button)' is clicked on

2022-03-30 17:55:43 - [MESSAGE][PASSED] - Object: 'Object Repository/Admin/Sprint 7/FCSCMS-729/Export(button)' is clicked on

2022-03-30 17:55:43 - [TEST_STEP][PASSED] - delay(2): Delayed 2 second(s)

2022-03-30 17:55:45 - [MESSAGE][PASSED] - Delayed 2 second(s)

2022-03-30 17:55:45 - [TEST_STEP][PASSED] - setText(findTestObject("Admin/Sprint 7/FCSCMS-729/Export/FileName(Export)"), "Test Export"): Text 'Test Export' is set on object 'Object Repository/Admin/Sprint 7/FCSCMS-729/Export/FileName(Export)'

2022-03-30 17:55:46 - [MESSAGE][PASSED] - Text 'Test Export' is set on object 'Object Repository/Admin/Sprint 7/FCSCMS-729/Export/FileName(Export)'

2022-03-30 17:55:46 - [TEST_STEP][PASSED] - delay(1): Delayed 1 second(s)

2022-03-30 17:55:47 - [MESSAGE][PASSED] - Delayed 1 second(s)

2022-03-30 17:55:47 - [TEST_STEP][PASSED] - click(findTestObject("Admin/Sprint 7/FCSCMS-729/Export/button_Download")): Object: 'Object Repository/Admin/Sprint 7/FCSCMS-729/Export/button_Download' is clicked on

2022-03-30 17:55:48 - [MESSAGE][PASSED] - Object: 'Object Repository/Admin/Sprint 7/FCSCMS-729/Export/button_Download' is clicked on

2022-03-30 17:55:48 - [TEST_STEP][PASSED] - delay(2): Delayed 2 second(s)

2022-03-30 17:55:50 - [MESSAGE][PASSED] - Delayed 2 second(s)]]></system-out>
         <system-err><![CDATA[]]></system-err>
      </testcase>
      <system-out><![CDATA[2022-03-30 17:54:20 - [TEST_SUITE][PASSED] - FCSCMS-729 (Product Catalog Management- Product Catalog - Listing): Test Cases/Sprint 7/FCSCMS- 729/FCSCMS-1812-S7 (User should be able to export product file upon clicking yes button)]]></system-out>
      <system-err><![CDATA[]]></system-err>
   </testsuite>
</testsuites>
