<?xml version="1.0" encoding="UTF-8"?>
<testsuites name="FCSCMS-732 (Product Catalog Management - Delete Product)" time="82.706" tests="3" failures="0" errors="0">
   <testsuite name="FCSCMS-732 (Product Catalog Management - Delete Product)" tests="3" failures="0" errors="0" time="82.706" skipped="0" timestamp="2022-04-04 18:00:07" hostname="me - DESKTOP-S7SF50D" id="Test Suites/Sprint 7/FCSCMS-732 (Product Catalog Management - Delete Product)">
      <properties>
         <property name="deviceName" value=""/>
         <property name="devicePlatform" value=""/>
         <property name="logFolder" value="C:\\Users\\me\\git\\nexterous-automation\\Reports\\20220404_175952\\Sprint 7\\FCSCMS-732 (Product Catalog Management - Delete Product)\\20220404_175952"/>
         <property name="logFiles" value="C:\\Users\\me\\git\\nexterous-automation\\Reports\\20220404_175952\\Sprint 7\\FCSCMS-732 (Product Catalog Management - Delete Product)\\20220404_175952\\execution0.log"/>
         <property name="attachments" value=""/>
         <property name="hostName" value="me - DESKTOP-S7SF50D"/>
         <property name="os" value="Windows 10 64bit"/>
         <property name="katalonVersion" value="8.2.5.208"/>
         <property name="browser" value="Chrome 99.0.4844.84"/>
         <property name="hostAddress" value="192.168.100.8"/>
         <property name="sessionId" value="602a89c82ff40386fac2924075cf9e36"/>
         <property name="seleniumVersion" value="3.141.59"/>
         <property name="proxyInformation" value="ProxyInformation { proxyOption=NO_PROXY, proxyServerType=HTTP, username=, password=********, proxyServerAddress=, proxyServerPort=0, executionList=&quot;&quot;, isApplyToDesiredCapabilities=true }"/>
         <property name="platform" value="Windows 10"/>
      </properties>
      <testcase name="Test Cases/Sprint 7/FCSCMS- 732/FCSCMS-1862-S7 (User should be able to Log in using Admin-Valid credentials)" time="15.296" classname="Test Cases/Sprint 7/FCSCMS- 732/FCSCMS-1862-S7 (User should be able to Log in using Admin-Valid credentials)" status="PASSED">
         <system-out><![CDATA[2022-04-04 18:00:08 - [TEST_CASE][PASSED] - Test Cases/Sprint 7/FCSCMS- 732/FCSCMS-1862-S7 (User should be able to Log in using Admin-Valid credentials): Test Cases/Sprint 7/FCSCMS- 732/FCSCMS-1862-S7 (User should be able to Log in using Admin-Valid credentials)

2022-04-04 18:00:09 - [TEST_STEP][PASSED] - openBrowser(""): Browser is opened with url: ''

2022-04-04 18:00:09 - [MESSAGE][INFO] - Starting 'Chrome' driver

2022-04-04 18:00:09 - [MESSAGE][INFO] - Action delay is set to 0 milliseconds

2022-04-04 18:00:13 - [MESSAGE][PASSED] - Browser is opened with url: ''

2022-04-04 18:00:13 - [TEST_STEP][PASSED] - navigateToUrl("https://nexterus-tst.outsystemsenterprise.com/FusionCenter/Login"): Navigate to 'https://nexterus-tst.outsystemsenterprise.com/FusionCenter/Login' successfully

2022-04-04 18:00:15 - [MESSAGE][PASSED] - Navigate to 'https://nexterus-tst.outsystemsenterprise.com/FusionCenter/Login' successfully

2022-04-04 18:00:15 - [TEST_STEP][PASSED] - maximizeWindow(): Current window maximized

2022-04-04 18:00:16 - [MESSAGE][PASSED] - Current window maximized

2022-04-04 18:00:16 - [TEST_STEP][PASSED] - delay(3): Delayed 3 second(s)

2022-04-04 18:00:19 - [MESSAGE][PASSED] - Delayed 3 second(s)

2022-04-04 18:00:19 - [TEST_STEP][PASSED] - setText(findTestObject("Login/Username_Field"), "admin"): Text 'admin' is set on object 'Object Repository/Login/Username_Field'

2022-04-04 18:00:20 - [MESSAGE][PASSED] - Text 'admin' is set on object 'Object Repository/Login/Username_Field'

2022-04-04 18:00:20 - [TEST_STEP][PASSED] - delay(1): Delayed 1 second(s)

2022-04-04 18:00:21 - [MESSAGE][PASSED] - Delayed 1 second(s)

2022-04-04 18:00:21 - [TEST_STEP][PASSED] - setText(findTestObject("Login/Password_Field"), "admin"): Text 'admin' is set on object 'Object Repository/Login/Password_Field'

2022-04-04 18:00:22 - [MESSAGE][PASSED] - Text 'admin' is set on object 'Object Repository/Login/Password_Field'

2022-04-04 18:00:22 - [TEST_STEP][PASSED] - delay(1): Delayed 1 second(s)

2022-04-04 18:00:23 - [MESSAGE][PASSED] - Delayed 1 second(s)

2022-04-04 18:00:23 - [TEST_STEP][PASSED] - click(findTestObject("Login/BTN_Login")): Object: 'Object Repository/Login/BTN_Login' is clicked on

2022-04-04 18:00:23 - [MESSAGE][PASSED] - Object: 'Object Repository/Login/BTN_Login' is clicked on]]></system-out>
         <system-err><![CDATA[]]></system-err>
      </testcase>
      <testcase name="Test Cases/Sprint 7/FCSCMS- 732/FCSCMS-1863-S7 (User should be able to clicks Product Catalog)" time="42.465" classname="Test Cases/Sprint 7/FCSCMS- 732/FCSCMS-1863-S7 (User should be able to clicks Product Catalog)" status="PASSED">
         <system-out><![CDATA[2022-04-04 18:00:23 - [TEST_CASE][PASSED] - Test Cases/Sprint 7/FCSCMS- 732/FCSCMS-1863-S7 (User should be able to clicks Product Catalog): Test Cases/Sprint 7/FCSCMS- 732/FCSCMS-1863-S7 (User should be able to clicks Product Catalog)

2022-04-04 18:00:24 - [TEST_STEP][PASSED] - click(findTestObject("Admin/Sprint 7/FCSCMS-729/a_Product Catalog")): Object: 'Object Repository/Admin/Sprint 7/FCSCMS-729/a_Product Catalog' is clicked on

2022-04-04 18:01:00 - [MESSAGE][PASSED] - Object: 'Object Repository/Admin/Sprint 7/FCSCMS-729/a_Product Catalog' is clicked on

2022-04-04 18:01:00 - [TEST_STEP][PASSED] - delay(2): Delayed 2 second(s)

2022-04-04 18:01:02 - [MESSAGE][PASSED] - Delayed 2 second(s)

2022-04-04 18:01:02 - [TEST_STEP][PASSED] - click(findTestObject("Admin/Sprint 7/FCSCMS-729/a_Product Catalog")): Object: 'Object Repository/Admin/Sprint 7/FCSCMS-729/a_Product Catalog' is clicked on

2022-04-04 18:01:06 - [MESSAGE][PASSED] - Object: 'Object Repository/Admin/Sprint 7/FCSCMS-729/a_Product Catalog' is clicked on]]></system-out>
         <system-err><![CDATA[]]></system-err>
      </testcase>
      <testcase name="Test Cases/Sprint 7/FCSCMS- 732/FCSCMS-1864-S7 (User shoulb be able to click Delete button from the Grid)" time="24.403" classname="Test Cases/Sprint 7/FCSCMS- 732/FCSCMS-1864-S7 (User shoulb be able to click Delete button from the Grid)" status="PASSED">
         <system-out><![CDATA[2022-04-04 18:01:06 - [TEST_CASE][PASSED] - Test Cases/Sprint 7/FCSCMS- 732/FCSCMS-1864-S7 (User shoulb be able to click Delete button from the Grid): Test Cases/Sprint 7/FCSCMS- 732/FCSCMS-1864-S7 (User shoulb be able to click Delete button from the Grid)

2022-04-04 18:01:06 - [TEST_STEP][PASSED] - click(findTestObject("Admin/Sprint 7/FCSCMS-730(NEW)/AddNewProduct/button_Add New Product")): Object: 'Object Repository/Admin/Sprint 7/FCSCMS-730(NEW)/AddNewProduct/button_Add New Product' is clicked on

2022-04-04 18:01:07 - [MESSAGE][PASSED] - Object: 'Object Repository/Admin/Sprint 7/FCSCMS-730(NEW)/AddNewProduct/button_Add New Product' is clicked on

2022-04-04 18:01:07 - [TEST_STEP][PASSED] - delay(2): Delayed 2 second(s)

2022-04-04 18:01:09 - [MESSAGE][PASSED] - Delayed 2 second(s)

2022-04-04 18:01:09 - [TEST_STEP][PASSED] - setText(findTestObject("Admin/Sprint 7/FCSCMS-730(NEW)/AddNewProduct/ProductDescription"), "Delete Product Path"): Text 'Delete Product Path' is set on object 'Object Repository/Admin/Sprint 7/FCSCMS-730(NEW)/AddNewProduct/ProductDescription'

2022-04-04 18:01:10 - [MESSAGE][PASSED] - Text 'Delete Product Path' is set on object 'Object Repository/Admin/Sprint 7/FCSCMS-730(NEW)/AddNewProduct/ProductDescription'

2022-04-04 18:01:10 - [TEST_STEP][PASSED] - delay(1): Delayed 1 second(s)

2022-04-04 18:01:11 - [MESSAGE][PASSED] - Delayed 1 second(s)

2022-04-04 18:01:11 - [TEST_STEP][PASSED] - setText(findTestObject("Admin/Sprint 7/FCSCMS-730(NEW)/AddNewProduct/ProductCode"), "0000"): Text '0000' is set on object 'Object Repository/Admin/Sprint 7/FCSCMS-730(NEW)/AddNewProduct/ProductCode'

2022-04-04 18:01:12 - [MESSAGE][PASSED] - Text '0000' is set on object 'Object Repository/Admin/Sprint 7/FCSCMS-730(NEW)/AddNewProduct/ProductCode'

2022-04-04 18:01:12 - [TEST_STEP][PASSED] - setText(findTestObject("Admin/Sprint 7/FCSCMS-730(NEW)/AddNewProduct/ProductClass"), "Test Class"): Text 'Test Class' is set on object 'Object Repository/Admin/Sprint 7/FCSCMS-730(NEW)/AddNewProduct/ProductClass'

2022-04-04 18:01:13 - [MESSAGE][PASSED] - Text 'Test Class' is set on object 'Object Repository/Admin/Sprint 7/FCSCMS-730(NEW)/AddNewProduct/ProductClass'

2022-04-04 18:01:13 - [TEST_STEP][PASSED] - setText(findTestObject("Admin/Sprint 7/FCSCMS-730(NEW)/AddNewProduct/Input_NMFC"), "1324"): Text '1324' is set on object 'Object Repository/Admin/Sprint 7/FCSCMS-730(NEW)/AddNewProduct/Input_NMFC'

2022-04-04 18:01:13 - [MESSAGE][PASSED] - Text '1324' is set on object 'Object Repository/Admin/Sprint 7/FCSCMS-730(NEW)/AddNewProduct/Input_NMFC'

2022-04-04 18:01:13 - [TEST_STEP][PASSED] - delay(2): Delayed 2 second(s)

2022-04-04 18:01:15 - [MESSAGE][PASSED] - Delayed 2 second(s)

2022-04-04 18:01:15 - [TEST_STEP][PASSED] - click(findTestObject("Admin/Sprint 7/FCSCMS-730(NEW)/AddNewProduct/Hazmat_YES")): Object: 'Object Repository/Admin/Sprint 7/FCSCMS-730(NEW)/AddNewProduct/Hazmat_YES' is clicked on

2022-04-04 18:01:16 - [MESSAGE][PASSED] - Object: 'Object Repository/Admin/Sprint 7/FCSCMS-730(NEW)/AddNewProduct/Hazmat_YES' is clicked on

2022-04-04 18:01:16 - [TEST_STEP][PASSED] - setText(findTestObject("Admin/Sprint 7/FCSCMS-730(NEW)/AddNewProduct/input_UN  NA Number"), "0000"): Text '0000' is set on object 'Object Repository/Admin/Sprint 7/FCSCMS-730(NEW)/AddNewProduct/input_UN  NA Number'

2022-04-04 18:01:17 - [MESSAGE][PASSED] - Text '0000' is set on object 'Object Repository/Admin/Sprint 7/FCSCMS-730(NEW)/AddNewProduct/input_UN  NA Number'

2022-04-04 18:01:17 - [TEST_STEP][PASSED] - delay(1): Delayed 1 second(s)

2022-04-04 18:01:18 - [MESSAGE][PASSED] - Delayed 1 second(s)

2022-04-04 18:01:18 - [TEST_STEP][PASSED] - setText(findTestObject("Admin/Sprint 7/FCSCMS-730(NEW)/AddNewProduct/HazmatDescription"), "Product Delete Path"): Text 'Product Delete Path' is set on object 'Object Repository/Admin/Sprint 7/FCSCMS-730(NEW)/AddNewProduct/HazmatDescription'

2022-04-04 18:01:19 - [MESSAGE][PASSED] - Text 'Product Delete Path' is set on object 'Object Repository/Admin/Sprint 7/FCSCMS-730(NEW)/AddNewProduct/HazmatDescription'

2022-04-04 18:01:19 - [TEST_STEP][PASSED] - delay(1): Delayed 1 second(s)

2022-04-04 18:01:20 - [MESSAGE][PASSED] - Delayed 1 second(s)

2022-04-04 18:01:20 - [TEST_STEP][PASSED] - click(findTestObject("Admin/Sprint 7/FCSCMS-730(NEW)/AddNewProduct/button_Save")): Object: 'Object Repository/Admin/Sprint 7/FCSCMS-730(NEW)/AddNewProduct/button_Save' is clicked on

2022-04-04 18:01:20 - [MESSAGE][PASSED] - Object: 'Object Repository/Admin/Sprint 7/FCSCMS-730(NEW)/AddNewProduct/button_Save' is clicked on

2022-04-04 18:01:20 - [TEST_STEP][PASSED] - delay(1): Delayed 1 second(s)

2022-04-04 18:01:21 - [MESSAGE][PASSED] - Delayed 1 second(s)

2022-04-04 18:01:21 - [TEST_STEP][PASSED] - click(findTestObject("Admin/Sprint 7/FCSCMS-730(NEW)/AddNewProduct/button_Yes(Save)")): Object: 'Object Repository/Admin/Sprint 7/FCSCMS-730(NEW)/AddNewProduct/button_Yes(Save)' is clicked on

2022-04-04 18:01:22 - [MESSAGE][PASSED] - Object: 'Object Repository/Admin/Sprint 7/FCSCMS-730(NEW)/AddNewProduct/button_Yes(Save)' is clicked on

2022-04-04 18:01:22 - [TEST_STEP][PASSED] - delay(2): Delayed 2 second(s)

2022-04-04 18:01:24 - [MESSAGE][PASSED] - Delayed 2 second(s)

2022-04-04 18:01:24 - [TEST_STEP][PASSED] - setText(findTestObject("Admin/Sprint 7/FCSCMS-732(NEW)/Search/SearchBar"), "Delete Product Path"): Text 'Delete Product Path' is set on object 'Object Repository/Admin/Sprint 7/FCSCMS-732(NEW)/Search/SearchBar'

2022-04-04 18:01:25 - [MESSAGE][PASSED] - Text 'Delete Product Path' is set on object 'Object Repository/Admin/Sprint 7/FCSCMS-732(NEW)/Search/SearchBar'

2022-04-04 18:01:25 - [TEST_STEP][PASSED] - delay(3): Delayed 3 second(s)

2022-04-04 18:01:28 - [MESSAGE][PASSED] - Delayed 3 second(s)

2022-04-04 18:01:28 - [TEST_STEP][PASSED] - click(findTestObject("Admin/Sprint 7/FCSCMS-732(NEW)/Search/DeleteIcon")): Object: 'Object Repository/Admin/Sprint 7/FCSCMS-732(NEW)/Search/DeleteIcon' is clicked on

2022-04-04 18:01:28 - [MESSAGE][PASSED] - Object: 'Object Repository/Admin/Sprint 7/FCSCMS-732(NEW)/Search/DeleteIcon' is clicked on

2022-04-04 18:01:28 - [TEST_STEP][PASSED] - delay(2): Delayed 2 second(s)

2022-04-04 18:01:30 - [MESSAGE][PASSED] - Delayed 2 second(s)]]></system-out>
         <system-err><![CDATA[]]></system-err>
      </testcase>
      <system-out><![CDATA[2022-04-04 18:00:07 - [TEST_SUITE][PASSED] - FCSCMS-732 (Product Catalog Management - Delete Product): Test Cases/Sprint 7/FCSCMS- 732/FCSCMS-1864-S7 (User shoulb be able to click Delete button from the Grid)]]></system-out>
      <system-err><![CDATA[]]></system-err>
   </testsuite>
</testsuites>
